<?xml version="1.0" encoding="UTF-8"?>
<testsuite xmlns:xsi="http://www.w3.org/2001/XMLSchema-instance" xsi:noNamespaceSchemaLocation="https://maven.apache.org/surefire/maven-surefire-plugin/xsd/surefire-test-report-3.0.xsd" version="3.0" name="Parallel.ParallelRun" time="900.515" tests="18" errors="0" skipped="0" failures="12">
  <properties>
[...]
</properties>
  <testcase name="runScenario[&quot;Checking previous exhibit functionality of caseUp with admin&quot;, &quot;Optional[Testing the present functionality of caseUp]&quot;](1)" classname="Parallel.ParallelRun" time="34.528">
    <failure message="timeout: Timed out receiving message from renderer: 28.733&#10;  (Session info: chrome=121.0.6167.161)&#10;Build info: version: &apos;4.17.0&apos;, revision: &apos;e52b1be057*&apos;&#10;System info: os.name: &apos;Windows 10&apos;, os.arch: &apos;amd64&apos;, os.version: &apos;10.0&apos;, java.version: &apos;17.0.10&apos;&#10;Driver info: org.openqa.selenium.chrome.ChromeDriver&#10;Command: [3c7c2d6cc899404219c6c05af6277691, get {url=https://staging.virtualdepo.com/manager/login}]&#10;Capabilities {acceptInsecureCerts: false, browserName: chrome, browserVersion: 121.0.6167.161, chrome: {chromedriverVersion: 121.0.6167.85 (3f98d690ad7e..., userDataDir: C:\Users\UI-QA-~1\AppData\L...}, fedcm:accounts: true, goog:chromeOptions: {debuggerAddress: localhost:58320}, networkConnectionEnabled: false, pageLoadStrategy: normal, platformName: windows, proxy: Proxy(), se:cdp: ws://localhost:58320/devtoo..., se:cdpVersion: 121.0.6167.161, setWindowRect: true, strictFileInteractability: false, timeouts: {implicit: 0, pageLoad: 300000, script: 30000}, unhandledPromptBehavior: dismiss and notify, webauthn:extension:credBlob: true, webauthn:extension:largeBlob: true, webauthn:extension:minPinLength: true, webauthn:extension:prf: true, webauthn:virtualAuthenticators: true}&#10;Session ID: 3c7c2d6cc899404219c6c05af6277691" type="org.openqa.selenium.TimeoutException"><![CDATA[org.openqa.selenium.TimeoutException: 
timeout: Timed out receiving message from renderer: 28.733
  (Session info: chrome=121.0.6167.161)
Build info: version: '4.17.0', revision: 'e52b1be057*'
System info: os.name: 'Windows 10', os.arch: 'amd64', os.version: '10.0', java.version: '17.0.10'
Driver info: org.openqa.selenium.chrome.ChromeDriver
Command: [3c7c2d6cc899404219c6c05af6277691, get {url=https://staging.virtualdepo.com/manager/login}]
Capabilities {acceptInsecureCerts: false, browserName: chrome, browserVersion: 121.0.6167.161, chrome: {chromedriverVersion: 121.0.6167.85 (3f98d690ad7e..., userDataDir: C:\Users\UI-QA-~1\AppData\L...}, fedcm:accounts: true, goog:chromeOptions: {debuggerAddress: localhost:58320}, networkConnectionEnabled: false, pageLoadStrategy: normal, platformName: windows, proxy: Proxy(), se:cdp: ws://localhost:58320/devtoo..., se:cdpVersion: 121.0.6167.161, setWindowRect: true, strictFileInteractability: false, timeouts: {implicit: 0, pageLoad: 300000, script: 30000}, unhandledPromptBehavior: dismiss and notify, webauthn:extension:credBlob: true, webauthn:extension:largeBlob: true, webauthn:extension:minPinLength: true, webauthn:extension:prf: true, webauthn:virtualAuthenticators: true}
Session ID: 3c7c2d6cc899404219c6c05af6277691
	at java.base/jdk.internal.reflect.NativeConstructorAccessorImpl.newInstance0(Native Method)
	at java.base/jdk.internal.reflect.NativeConstructorAccessorImpl.newInstance(NativeConstructorAccessorImpl.java:77)
	at java.base/jdk.internal.reflect.DelegatingConstructorAccessorImpl.newInstance(DelegatingConstructorAccessorImpl.java:45)
	at java.base/java.lang.reflect.Constructor.newInstanceWithCaller(Constructor.java:499)
	at java.base/java.lang.reflect.Constructor.newInstance(Constructor.java:480)
	at org.openqa.selenium.remote.codec.w3c.W3CHttpResponseCodec.createException(W3CHttpResponseCodec.java:185)
	at org.openqa.selenium.remote.codec.w3c.W3CHttpResponseCodec.decode(W3CHttpResponseCodec.java:134)
	at org.openqa.selenium.remote.codec.w3c.W3CHttpResponseCodec.decode(W3CHttpResponseCodec.java:51)
	at org.openqa.selenium.remote.HttpCommandExecutor.execute(HttpCommandExecutor.java:190)
	at org.openqa.selenium.remote.service.DriverCommandExecutor.invokeExecute(DriverCommandExecutor.java:216)
	at org.openqa.selenium.remote.service.DriverCommandExecutor.execute(DriverCommandExecutor.java:174)
	at org.openqa.selenium.remote.RemoteWebDriver.execute(RemoteWebDriver.java:519)
	at org.openqa.selenium.remote.RemoteWebDriver.get(RemoteWebDriver.java:301)
	at Parallel.ApplicationHooks.navigate_to_CaseUp(ApplicationHooks.java:37)
]]></failure>
    <system-out><![CDATA[
@Present
Scenario: Checking previous exhibit functionality of caseUp with admin # src/test/resources/Parallel/Present.feature:442
browser value is: chrome
      org.openqa.selenium.TimeoutException: timeout: Timed out receiving message from renderer: 28.733
  (Session info: chrome=121.0.6167.161)
Build info: version: '4.17.0', revision: 'e52b1be057*'
System info: os.name: 'Windows 10', os.arch: 'amd64', os.version: '10.0', java.version: '17.0.10'
Driver info: org.openqa.selenium.chrome.ChromeDriver
Command: [3c7c2d6cc899404219c6c05af6277691, get {url=https://staging.virtualdepo.com/manager/login}]
Capabilities {acceptInsecureCerts: false, browserName: chrome, browserVersion: 121.0.6167.161, chrome: {chromedriverVersion: 121.0.6167.85 (3f98d690ad7e..., userDataDir: C:\Users\UI-QA-~1\AppData\L...}, fedcm:accounts: true, goog:chromeOptions: {debuggerAddress: localhost:58320}, networkConnectionEnabled: false, pageLoadStrategy: normal, platformName: windows, proxy: Proxy(), se:cdp: ws://localhost:58320/devtoo..., se:cdpVersion: 121.0.6167.161, setWindowRect: true, strictFileInteractability: false, timeouts: {implicit: 0, pageLoad: 300000, script: 30000}, unhandledPromptBehavior: dismiss and notify, webauthn:extension:credBlob: true, webauthn:extension:largeBlob: true, webauthn:extension:minPinLength: true, webauthn:extension:prf: true, webauthn:virtualAuthenticators: true}
Session ID: 3c7c2d6cc899404219c6c05af6277691
	at java.base/jdk.internal.reflect.NativeConstructorAccessorImpl.newInstance0(Native Method)
	at java.base/jdk.internal.reflect.NativeConstructorAccessorImpl.newInstance(NativeConstructorAccessorImpl.java:77)
	at java.base/jdk.internal.reflect.DelegatingConstructorAccessorImpl.newInstance(DelegatingConstructorAccessorImpl.java:45)
	at java.base/java.lang.reflect.Constructor.newInstanceWithCaller(Constructor.java:499)
	at java.base/java.lang.reflect.Constructor.newInstance(Constructor.java:480)
	at org.openqa.selenium.remote.codec.w3c.W3CHttpResponseCodec.createException(W3CHttpResponseCodec.java:185)
	at org.openqa.selenium.remote.codec.w3c.W3CHttpResponseCodec.decode(W3CHttpResponseCodec.java:134)
	at org.openqa.selenium.remote.codec.w3c.W3CHttpResponseCodec.decode(W3CHttpResponseCodec.java:51)
	at org.openqa.selenium.remote.HttpCommandExecutor.execute(HttpCommandExecutor.java:190)
	at org.openqa.selenium.remote.service.DriverCommandExecutor.invokeExecute(DriverCommandExecutor.java:216)
	at org.openqa.selenium.remote.service.DriverCommandExecutor.execute(DriverCommandExecutor.java:174)
	at org.openqa.selenium.remote.RemoteWebDriver.execute(RemoteWebDriver.java:519)
	at org.openqa.selenium.remote.RemoteWebDriver.get(RemoteWebDriver.java:301)
	at Parallel.ApplicationHooks.navigate_to_CaseUp(ApplicationHooks.java:37)

  Given user navigate to the caseup baseurl                            # Parallel.LoginTest.user_navigate_to_the_caseup_baseurl()
  When login with admin role                                           # Parallel.PresentTest.login_with_admin_role()
  When click on create new button                                      # Parallel.CreateDepositionTest.click_on_create_new_button()
  Then enter witness name                                              # Parallel.CreateDepositionTest.enter_witness_name()
  And enter noticing firm name                                         # Parallel.CreateDepositionTest.enter_noticing_firm_name()
  And enter case name                                                  # Parallel.CreateDepositionTest.enter_case_name()
  Then click on create button                                          # Parallel.CreateDepositionTest.click_on_create_button()
  Then click on upload file button                                     # Parallel.CreateDepositionTest.click_on_upload_file_button()
  And upload the file                                                  # Parallel.CreateDepositionTest.upload_the_file()
  Then click in submit button                                          # Parallel.CreateDepositionTest.click_in_submit_button()
  Then click on present button                                         # Parallel.PresentTest.click_on_present_button()
  Then click on new button                                             # Parallel.PresentTest.click_on_new_button()
  And click on previous exhibit button                                 # Parallel.PresentTest.click_on_previous_exhibit_button()
  Then click on share button                                           # Parallel.PresentTest.click_on_share_button()
  Then click on shared button                                          # Parallel.PresentTest.click_on_shared_button()
  When click on dotted dropped menu of selected file                   # Parallel.PresentTest.click_on_dotted_dropped_menu_of_selected_file()
  Then click on undo exhibit button                                    # Parallel.PresentTest.click_on_undo_exhibit_button()
  And click on yes button for undo deposition                          # Parallel.PresentTest.click_on_yes_button_for_undo_deposition()
  Then click on cancle button for shared section                       # Parallel.PresentTest.click_on_cancle_button_for_shared_section()
  When click on dotted dropped menu of created deposition              # Parallel.CreateDepositionTest.click_on_dotted_dropped_menu_of_created_deposition()
  And click on delete button                                           # Parallel.CreateDepositionTest.click_on_delete_button()
  Then click on yes button                                             # Parallel.CreateDepositionTest.click_on_yes_button()

    Embedding Checking_previous_exhibit_functionality_of_caseUp_with_admin [image/png 86262 bytes]

]]></system-out>
    <system-err><![CDATA[[TestNG-PoolService-0] INFO io.github.bonigarcia.wdm.WebDriverManager - Using chromedriver 121.0.6167.85 (resolved driver for Chrome 121)
[TestNG-PoolService-0] INFO io.github.bonigarcia.wdm.WebDriverManager - Exporting webdriver.chrome.driver as C:\Users\ui-qa-22-1\.cache\selenium\chromedriver\win64\121.0.6167.85\chromedriver.exe
]]></system-err>
  </testcase>
  <testcase name="runScenario[&quot;Checking download functionality of caseUp with admin&quot;, &quot;Optional[Testing the present functionality of caseUp]&quot;](2)" classname="Parallel.ParallelRun" time="31.727">
    <failure message="timeout: Timed out receiving message from renderer: 28.803&#10;  (Session info: chrome=121.0.6167.161)&#10;Build info: version: &apos;4.17.0&apos;, revision: &apos;e52b1be057*&apos;&#10;System info: os.name: &apos;Windows 10&apos;, os.arch: &apos;amd64&apos;, os.version: &apos;10.0&apos;, java.version: &apos;17.0.10&apos;&#10;Driver info: org.openqa.selenium.chrome.ChromeDriver&#10;Command: [2bc5368cdd5126cb7dc92552a9416d61, get {url=https://staging.virtualdepo.com/manager/login}]&#10;Capabilities {acceptInsecureCerts: false, browserName: chrome, browserVersion: 121.0.6167.161, chrome: {chromedriverVersion: 121.0.6167.85 (3f98d690ad7e..., userDataDir: C:\Users\UI-QA-~1\AppData\L...}, fedcm:accounts: true, goog:chromeOptions: {debuggerAddress: localhost:58365}, networkConnectionEnabled: false, pageLoadStrategy: normal, platformName: windows, proxy: Proxy(), se:cdp: ws://localhost:58365/devtoo..., se:cdpVersion: 121.0.6167.161, setWindowRect: true, strictFileInteractability: false, timeouts: {implicit: 0, pageLoad: 300000, script: 30000}, unhandledPromptBehavior: dismiss and notify, webauthn:extension:credBlob: true, webauthn:extension:largeBlob: true, webauthn:extension:minPinLength: true, webauthn:extension:prf: true, webauthn:virtualAuthenticators: true}&#10;Session ID: 2bc5368cdd5126cb7dc92552a9416d61" type="org.openqa.selenium.TimeoutException"><![CDATA[org.openqa.selenium.TimeoutException: 
timeout: Timed out receiving message from renderer: 28.803
  (Session info: chrome=121.0.6167.161)
Build info: version: '4.17.0', revision: 'e52b1be057*'
System info: os.name: 'Windows 10', os.arch: 'amd64', os.version: '10.0', java.version: '17.0.10'
Driver info: org.openqa.selenium.chrome.ChromeDriver
Command: [2bc5368cdd5126cb7dc92552a9416d61, get {url=https://staging.virtualdepo.com/manager/login}]
Capabilities {acceptInsecureCerts: false, browserName: chrome, browserVersion: 121.0.6167.161, chrome: {chromedriverVersion: 121.0.6167.85 (3f98d690ad7e..., userDataDir: C:\Users\UI-QA-~1\AppData\L...}, fedcm:accounts: true, goog:chromeOptions: {debuggerAddress: localhost:58365}, networkConnectionEnabled: false, pageLoadStrategy: normal, platformName: windows, proxy: Proxy(), se:cdp: ws://localhost:58365/devtoo..., se:cdpVersion: 121.0.6167.161, setWindowRect: true, strictFileInteractability: false, timeouts: {implicit: 0, pageLoad: 300000, script: 30000}, unhandledPromptBehavior: dismiss and notify, webauthn:extension:credBlob: true, webauthn:extension:largeBlob: true, webauthn:extension:minPinLength: true, webauthn:extension:prf: true, webauthn:virtualAuthenticators: true}
Session ID: 2bc5368cdd5126cb7dc92552a9416d61
	at java.base/jdk.internal.reflect.NativeConstructorAccessorImpl.newInstance0(Native Method)
	at java.base/jdk.internal.reflect.NativeConstructorAccessorImpl.newInstance(NativeConstructorAccessorImpl.java:77)
	at java.base/jdk.internal.reflect.DelegatingConstructorAccessorImpl.newInstance(DelegatingConstructorAccessorImpl.java:45)
	at java.base/java.lang.reflect.Constructor.newInstanceWithCaller(Constructor.java:499)
	at java.base/java.lang.reflect.Constructor.newInstance(Constructor.java:480)
	at org.openqa.selenium.remote.codec.w3c.W3CHttpResponseCodec.createException(W3CHttpResponseCodec.java:185)
	at org.openqa.selenium.remote.codec.w3c.W3CHttpResponseCodec.decode(W3CHttpResponseCodec.java:134)
	at org.openqa.selenium.remote.codec.w3c.W3CHttpResponseCodec.decode(W3CHttpResponseCodec.java:51)
	at org.openqa.selenium.remote.HttpCommandExecutor.execute(HttpCommandExecutor.java:190)
	at org.openqa.selenium.remote.service.DriverCommandExecutor.invokeExecute(DriverCommandExecutor.java:216)
	at org.openqa.selenium.remote.service.DriverCommandExecutor.execute(DriverCommandExecutor.java:174)
	at org.openqa.selenium.remote.RemoteWebDriver.execute(RemoteWebDriver.java:519)
	at org.openqa.selenium.remote.RemoteWebDriver.get(RemoteWebDriver.java:301)
	at Parallel.ApplicationHooks.navigate_to_CaseUp(ApplicationHooks.java:37)
]]></failure>
    <system-out><![CDATA[
@Present
Scenario: Checking download functionality of caseUp with admin # src/test/resources/Parallel/Present.feature:465
browser value is: chrome
      org.openqa.selenium.TimeoutException: timeout: Timed out receiving message from renderer: 28.803
  (Session info: chrome=121.0.6167.161)
Build info: version: '4.17.0', revision: 'e52b1be057*'
System info: os.name: 'Windows 10', os.arch: 'amd64', os.version: '10.0', java.version: '17.0.10'
Driver info: org.openqa.selenium.chrome.ChromeDriver
Command: [2bc5368cdd5126cb7dc92552a9416d61, get {url=https://staging.virtualdepo.com/manager/login}]
Capabilities {acceptInsecureCerts: false, browserName: chrome, browserVersion: 121.0.6167.161, chrome: {chromedriverVersion: 121.0.6167.85 (3f98d690ad7e..., userDataDir: C:\Users\UI-QA-~1\AppData\L...}, fedcm:accounts: true, goog:chromeOptions: {debuggerAddress: localhost:58365}, networkConnectionEnabled: false, pageLoadStrategy: normal, platformName: windows, proxy: Proxy(), se:cdp: ws://localhost:58365/devtoo..., se:cdpVersion: 121.0.6167.161, setWindowRect: true, strictFileInteractability: false, timeouts: {implicit: 0, pageLoad: 300000, script: 30000}, unhandledPromptBehavior: dismiss and notify, webauthn:extension:credBlob: true, webauthn:extension:largeBlob: true, webauthn:extension:minPinLength: true, webauthn:extension:prf: true, webauthn:virtualAuthenticators: true}
Session ID: 2bc5368cdd5126cb7dc92552a9416d61
	at java.base/jdk.internal.reflect.NativeConstructorAccessorImpl.newInstance0(Native Method)
	at java.base/jdk.internal.reflect.NativeConstructorAccessorImpl.newInstance(NativeConstructorAccessorImpl.java:77)
	at java.base/jdk.internal.reflect.DelegatingConstructorAccessorImpl.newInstance(DelegatingConstructorAccessorImpl.java:45)
	at java.base/java.lang.reflect.Constructor.newInstanceWithCaller(Constructor.java:499)
	at java.base/java.lang.reflect.Constructor.newInstance(Constructor.java:480)
	at org.openqa.selenium.remote.codec.w3c.W3CHttpResponseCodec.createException(W3CHttpResponseCodec.java:185)
	at org.openqa.selenium.remote.codec.w3c.W3CHttpResponseCodec.decode(W3CHttpResponseCodec.java:134)
	at org.openqa.selenium.remote.codec.w3c.W3CHttpResponseCodec.decode(W3CHttpResponseCodec.java:51)
	at org.openqa.selenium.remote.HttpCommandExecutor.execute(HttpCommandExecutor.java:190)
	at org.openqa.selenium.remote.service.DriverCommandExecutor.invokeExecute(DriverCommandExecutor.java:216)
	at org.openqa.selenium.remote.service.DriverCommandExecutor.execute(DriverCommandExecutor.java:174)
	at org.openqa.selenium.remote.RemoteWebDriver.execute(RemoteWebDriver.java:519)
	at org.openqa.selenium.remote.RemoteWebDriver.get(RemoteWebDriver.java:301)
	at Parallel.ApplicationHooks.navigate_to_CaseUp(ApplicationHooks.java:37)

  Given user navigate to the caseup baseurl                    # Parallel.LoginTest.user_navigate_to_the_caseup_baseurl()
  When login with admin role                                   # Parallel.PresentTest.login_with_admin_role()
  When click on create new button                              # Parallel.CreateDepositionTest.click_on_create_new_button()
  Then enter witness name                                      # Parallel.CreateDepositionTest.enter_witness_name()
  And enter noticing firm name                                 # Parallel.CreateDepositionTest.enter_noticing_firm_name()
  And enter case name                                          # Parallel.CreateDepositionTest.enter_case_name()
  Then click on create button                                  # Parallel.CreateDepositionTest.click_on_create_button()
  Then click on upload file button                             # Parallel.CreateDepositionTest.click_on_upload_file_button()
  And upload the file                                          # Parallel.CreateDepositionTest.upload_the_file()
  Then click in submit button                                  # Parallel.CreateDepositionTest.click_in_submit_button()
  Then click on present button                                 # Parallel.PresentTest.click_on_present_button()
  When click on dotted dropped menu of selected file           # Parallel.PresentTest.click_on_dotted_dropped_menu_of_selected_file()
  And click on download button                                 # Parallel.PresentTest.click_on_download_button()
  Then click on introduce button                               # Parallel.PresentTest.click_on_introduce_button()
  Then click on shared button                                  # Parallel.PresentTest.click_on_shared_button()
  When click on dotted dropped menu of selected file           # Parallel.PresentTest.click_on_dotted_dropped_menu_of_selected_file()
  And click on download button                                 # Parallel.PresentTest.click_on_download_button()
  Then click on cancle button for shared section               # Parallel.PresentTest.click_on_cancle_button_for_shared_section()
  When click on dotted dropped menu of created deposition      # Parallel.CreateDepositionTest.click_on_dotted_dropped_menu_of_created_deposition()
  And click on delete button                                   # Parallel.CreateDepositionTest.click_on_delete_button()
  Then click on yes button                                     # Parallel.CreateDepositionTest.click_on_yes_button()

    Embedding Checking_download_functionality_of_caseUp_with_admin [image/png 86301 bytes]

]]></system-out>
    <system-err><![CDATA[[TestNG-PoolService-0] INFO io.github.bonigarcia.wdm.WebDriverManager - Using chromedriver 121.0.6167.85 (resolved driver for Chrome 121)
[TestNG-PoolService-0] INFO io.github.bonigarcia.wdm.WebDriverManager - Exporting webdriver.chrome.driver as C:\Users\ui-qa-22-1\.cache\selenium\chromedriver\win64\121.0.6167.85\chromedriver.exe
]]></system-err>
  </testcase>
  <testcase name="runScenario[&quot;Checking sync and preview exhibit functionality of caseUp with admin&quot;, &quot;Optional[Testing the present functionality of caseUp]&quot;](3)" classname="Parallel.ParallelRun" time="91.869">
    <system-out><![CDATA[
@Present
Scenario: Checking sync and preview exhibit functionality of caseUp with admin # src/test/resources/Parallel/Present.feature:487
browser value is: chrome
  Given user navigate to the caseup baseurl                                    # Parallel.LoginTest.user_navigate_to_the_caseup_baseurl()
  When login with admin role                                                   # Parallel.PresentTest.login_with_admin_role()
  When click on create new button                                              # Parallel.CreateDepositionTest.click_on_create_new_button()
  Then enter witness name                                                      # Parallel.CreateDepositionTest.enter_witness_name()
  And enter noticing firm name                                                 # Parallel.CreateDepositionTest.enter_noticing_firm_name()
  And enter case name                                                          # Parallel.CreateDepositionTest.enter_case_name()
  Then click on create button                                                  # Parallel.CreateDepositionTest.click_on_create_button()
  Then click on upload file button                                             # Parallel.CreateDepositionTest.click_on_upload_file_button()
  And upload the file                                                          # Parallel.CreateDepositionTest.upload_the_file()
  Then click in submit button                                                  # Parallel.CreateDepositionTest.click_in_submit_button()
  Then click on present button                                                 # Parallel.PresentTest.click_on_present_button()
  Then click on introduce button                                               # Parallel.PresentTest.click_on_introduce_button()
  And check the validation message for introduce exhibit                       # Parallel.PresentTest.check_the_validation_message_for_introduce_exhibit()
  Then click on DropDown Toggle show                                           # Parallel.PresentTest.click_on_drop_down_toggle_show()
  And click on select dropdown                                                 # Parallel.PresentTest.click_on_select_dropdown()
  Then click on sync button                                                    # Parallel.PresentTest.click_on_sync_button()
  When click on dotted dropped menu of selected file                           # Parallel.PresentTest.click_on_dotted_dropped_menu_of_selected_file()
  Then click on DropDown Toggle show                                           # Parallel.PresentTest.click_on_drop_down_toggle_show()
  And click on select dropdown                                                 # Parallel.PresentTest.click_on_select_dropdown()
  Then click on preview button                                                 # Parallel.PresentTest.click_on_preview_button()
  When click on dotted dropped menu of selected file                           # Parallel.PresentTest.click_on_dotted_dropped_menu_of_selected_file()
  Then click on DropDown Toggle show                                           # Parallel.PresentTest.click_on_drop_down_toggle_show()
  Then click on switch Previewer Status button                                 # Parallel.PresentTest.click_on_switch_previewer_status_button()
  Then click on cancle button                                                  # Parallel.PresentTest.click_on_cancle_button()
  When click on dotted dropped menu of created deposition                      # Parallel.CreateDepositionTest.click_on_dotted_dropped_menu_of_created_deposition()
  And click on delete button                                                   # Parallel.CreateDepositionTest.click_on_delete_button()
  Then click on yes button                                                     # Parallel.CreateDepositionTest.click_on_yes_button()
]]></system-out>
    <system-err><![CDATA[[TestNG-PoolService-0] INFO io.github.bonigarcia.wdm.WebDriverManager - Using chromedriver 121.0.6167.85 (resolved driver for Chrome 121)
[TestNG-PoolService-0] INFO io.github.bonigarcia.wdm.WebDriverManager - Exporting webdriver.chrome.driver as C:\Users\ui-qa-22-1\.cache\selenium\chromedriver\win64\121.0.6167.85\chromedriver.exe
]]></system-err>
  </testcase>
  <testcase name="runScenario[&quot;Checking Invite link functionality of caseUp with admin&quot;, &quot;Optional[Testing the present functionality of caseUp]&quot;](4)" classname="Parallel.ParallelRun" time="31.555">
    <failure message="timeout: Timed out receiving message from renderer: 28.700&#10;  (Session info: chrome=121.0.6167.161)&#10;Build info: version: &apos;4.17.0&apos;, revision: &apos;e52b1be057*&apos;&#10;System info: os.name: &apos;Windows 10&apos;, os.arch: &apos;amd64&apos;, os.version: &apos;10.0&apos;, java.version: &apos;17.0.10&apos;&#10;Driver info: org.openqa.selenium.chrome.ChromeDriver&#10;Command: [2b481fb890c8e246972ea77e7234900b, get {url=https://staging.virtualdepo.com/manager/login}]&#10;Capabilities {acceptInsecureCerts: false, browserName: chrome, browserVersion: 121.0.6167.161, chrome: {chromedriverVersion: 121.0.6167.85 (3f98d690ad7e..., userDataDir: C:\Users\UI-QA-~1\AppData\L...}, fedcm:accounts: true, goog:chromeOptions: {debuggerAddress: localhost:58542}, networkConnectionEnabled: false, pageLoadStrategy: normal, platformName: windows, proxy: Proxy(), se:cdp: ws://localhost:58542/devtoo..., se:cdpVersion: 121.0.6167.161, setWindowRect: true, strictFileInteractability: false, timeouts: {implicit: 0, pageLoad: 300000, script: 30000}, unhandledPromptBehavior: dismiss and notify, webauthn:extension:credBlob: true, webauthn:extension:largeBlob: true, webauthn:extension:minPinLength: true, webauthn:extension:prf: true, webauthn:virtualAuthenticators: true}&#10;Session ID: 2b481fb890c8e246972ea77e7234900b" type="org.openqa.selenium.TimeoutException"><![CDATA[org.openqa.selenium.TimeoutException: 
timeout: Timed out receiving message from renderer: 28.700
  (Session info: chrome=121.0.6167.161)
Build info: version: '4.17.0', revision: 'e52b1be057*'
System info: os.name: 'Windows 10', os.arch: 'amd64', os.version: '10.0', java.version: '17.0.10'
Driver info: org.openqa.selenium.chrome.ChromeDriver
Command: [2b481fb890c8e246972ea77e7234900b, get {url=https://staging.virtualdepo.com/manager/login}]
Capabilities {acceptInsecureCerts: false, browserName: chrome, browserVersion: 121.0.6167.161, chrome: {chromedriverVersion: 121.0.6167.85 (3f98d690ad7e..., userDataDir: C:\Users\UI-QA-~1\AppData\L...}, fedcm:accounts: true, goog:chromeOptions: {debuggerAddress: localhost:58542}, networkConnectionEnabled: false, pageLoadStrategy: normal, platformName: windows, proxy: Proxy(), se:cdp: ws://localhost:58542/devtoo..., se:cdpVersion: 121.0.6167.161, setWindowRect: true, strictFileInteractability: false, timeouts: {implicit: 0, pageLoad: 300000, script: 30000}, unhandledPromptBehavior: dismiss and notify, webauthn:extension:credBlob: true, webauthn:extension:largeBlob: true, webauthn:extension:minPinLength: true, webauthn:extension:prf: true, webauthn:virtualAuthenticators: true}
Session ID: 2b481fb890c8e246972ea77e7234900b
	at java.base/jdk.internal.reflect.NativeConstructorAccessorImpl.newInstance0(Native Method)
	at java.base/jdk.internal.reflect.NativeConstructorAccessorImpl.newInstance(NativeConstructorAccessorImpl.java:77)
	at java.base/jdk.internal.reflect.DelegatingConstructorAccessorImpl.newInstance(DelegatingConstructorAccessorImpl.java:45)
	at java.base/java.lang.reflect.Constructor.newInstanceWithCaller(Constructor.java:499)
	at java.base/java.lang.reflect.Constructor.newInstance(Constructor.java:480)
	at org.openqa.selenium.remote.codec.w3c.W3CHttpResponseCodec.createException(W3CHttpResponseCodec.java:185)
	at org.openqa.selenium.remote.codec.w3c.W3CHttpResponseCodec.decode(W3CHttpResponseCodec.java:134)
	at org.openqa.selenium.remote.codec.w3c.W3CHttpResponseCodec.decode(W3CHttpResponseCodec.java:51)
	at org.openqa.selenium.remote.HttpCommandExecutor.execute(HttpCommandExecutor.java:190)
	at org.openqa.selenium.remote.service.DriverCommandExecutor.invokeExecute(DriverCommandExecutor.java:216)
	at org.openqa.selenium.remote.service.DriverCommandExecutor.execute(DriverCommandExecutor.java:174)
	at org.openqa.selenium.remote.RemoteWebDriver.execute(RemoteWebDriver.java:519)
	at org.openqa.selenium.remote.RemoteWebDriver.get(RemoteWebDriver.java:301)
	at Parallel.ApplicationHooks.navigate_to_CaseUp(ApplicationHooks.java:37)
]]></failure>
    <system-out><![CDATA[
@Present
Scenario: Checking Invite link functionality of caseUp with admin # src/test/resources/Parallel/Present.feature:515
browser value is: chrome
      org.openqa.selenium.TimeoutException: timeout: Timed out receiving message from renderer: 28.700
  (Session info: chrome=121.0.6167.161)
Build info: version: '4.17.0', revision: 'e52b1be057*'
System info: os.name: 'Windows 10', os.arch: 'amd64', os.version: '10.0', java.version: '17.0.10'
Driver info: org.openqa.selenium.chrome.ChromeDriver
Command: [2b481fb890c8e246972ea77e7234900b, get {url=https://staging.virtualdepo.com/manager/login}]
Capabilities {acceptInsecureCerts: false, browserName: chrome, browserVersion: 121.0.6167.161, chrome: {chromedriverVersion: 121.0.6167.85 (3f98d690ad7e..., userDataDir: C:\Users\UI-QA-~1\AppData\L...}, fedcm:accounts: true, goog:chromeOptions: {debuggerAddress: localhost:58542}, networkConnectionEnabled: false, pageLoadStrategy: normal, platformName: windows, proxy: Proxy(), se:cdp: ws://localhost:58542/devtoo..., se:cdpVersion: 121.0.6167.161, setWindowRect: true, strictFileInteractability: false, timeouts: {implicit: 0, pageLoad: 300000, script: 30000}, unhandledPromptBehavior: dismiss and notify, webauthn:extension:credBlob: true, webauthn:extension:largeBlob: true, webauthn:extension:minPinLength: true, webauthn:extension:prf: true, webauthn:virtualAuthenticators: true}
Session ID: 2b481fb890c8e246972ea77e7234900b
	at java.base/jdk.internal.reflect.NativeConstructorAccessorImpl.newInstance0(Native Method)
	at java.base/jdk.internal.reflect.NativeConstructorAccessorImpl.newInstance(NativeConstructorAccessorImpl.java:77)
	at java.base/jdk.internal.reflect.DelegatingConstructorAccessorImpl.newInstance(DelegatingConstructorAccessorImpl.java:45)
	at java.base/java.lang.reflect.Constructor.newInstanceWithCaller(Constructor.java:499)
	at java.base/java.lang.reflect.Constructor.newInstance(Constructor.java:480)
	at org.openqa.selenium.remote.codec.w3c.W3CHttpResponseCodec.createException(W3CHttpResponseCodec.java:185)
	at org.openqa.selenium.remote.codec.w3c.W3CHttpResponseCodec.decode(W3CHttpResponseCodec.java:134)
	at org.openqa.selenium.remote.codec.w3c.W3CHttpResponseCodec.decode(W3CHttpResponseCodec.java:51)
	at org.openqa.selenium.remote.HttpCommandExecutor.execute(HttpCommandExecutor.java:190)
	at org.openqa.selenium.remote.service.DriverCommandExecutor.invokeExecute(DriverCommandExecutor.java:216)
	at org.openqa.selenium.remote.service.DriverCommandExecutor.execute(DriverCommandExecutor.java:174)
	at org.openqa.selenium.remote.RemoteWebDriver.execute(RemoteWebDriver.java:519)
	at org.openqa.selenium.remote.RemoteWebDriver.get(RemoteWebDriver.java:301)
	at Parallel.ApplicationHooks.navigate_to_CaseUp(ApplicationHooks.java:37)

  Given user navigate to the caseup baseurl                       # Parallel.LoginTest.user_navigate_to_the_caseup_baseurl()
  When login with admin role                                      # Parallel.PresentTest.login_with_admin_role()
  When click on create new button                                 # Parallel.CreateDepositionTest.click_on_create_new_button()
  Then enter witness name                                         # Parallel.CreateDepositionTest.enter_witness_name()
  And enter noticing firm name                                    # Parallel.CreateDepositionTest.enter_noticing_firm_name()
  And enter case name                                             # Parallel.CreateDepositionTest.enter_case_name()
  Then click on create button                                     # Parallel.CreateDepositionTest.click_on_create_button()
  Then click on upload file button                                # Parallel.CreateDepositionTest.click_on_upload_file_button()
  And upload the file                                             # Parallel.CreateDepositionTest.upload_the_file()
  Then click in submit button                                     # Parallel.CreateDepositionTest.click_in_submit_button()
  Then click on present button                                    # Parallel.PresentTest.click_on_present_button()
  Then click on introduce button                                  # Parallel.PresentTest.click_on_introduce_button()
  And check the validation message for introduce exhibit          # Parallel.PresentTest.check_the_validation_message_for_introduce_exhibit()
  Then click on invite link button                                # Parallel.PresentTest.click_on_invite_link_button()
  And click on copy link button and open new window               # Parallel.PresentTest.click_on_copy_link_button()
  Then open new window                                            # Parallel.PresentTest.open_new_window()
  And click on view exhibits button                               # Parallel.PresentTest.click_on_view_exhibits_button()
  Then enter your name                                            # Parallel.PresentTest.enter_your_name()
  And press continue button                                       # Parallel.PresentTest.press_continue_button()
  Then enter your email                                           # Parallel.PresentTest.enter_your_email()
  And press continue button                                       # Parallel.PresentTest.press_continue_button()
  Then Download the file                                          # Parallel.PresentTest.download_the_file()
  Then Cancle the current window and go to pevious window         # Parallel.PresentTest.cancle_the_current_window_and_go_to_pevious_window()
  Then Click on cancle button of invite link button               # Parallel.PresentTest.click_on_cancle_button_of_invite_link_button()
  Then click on cancle button                                     # Parallel.PresentTest.click_on_cancle_button()
  When click on dotted dropped menu of created deposition         # Parallel.CreateDepositionTest.click_on_dotted_dropped_menu_of_created_deposition()
  And click on delete button                                      # Parallel.CreateDepositionTest.click_on_delete_button()
  Then click on yes button                                        # Parallel.CreateDepositionTest.click_on_yes_button()

    Embedding Checking_Invite_link_functionality_of_caseUp_with_admin [image/png 84065 bytes]

]]></system-out>
    <system-err><![CDATA[[TestNG-PoolService-0] INFO io.github.bonigarcia.wdm.WebDriverManager - Using chromedriver 121.0.6167.85 (resolved driver for Chrome 121)
[TestNG-PoolService-0] INFO io.github.bonigarcia.wdm.WebDriverManager - Exporting webdriver.chrome.driver as C:\Users\ui-qa-22-1\.cache\selenium\chromedriver\win64\121.0.6167.85\chromedriver.exe
]]></system-err>
  </testcase>
  <testcase name="runScenario[&quot;Checking guest functionality of caseUp&quot;, &quot;Optional[Testing the present functionality of caseUp]&quot;](5)" classname="Parallel.ParallelRun" time="31.508">
    <failure message="timeout: Timed out receiving message from renderer: 28.240&#10;  (Session info: chrome=121.0.6167.161)&#10;Build info: version: &apos;4.17.0&apos;, revision: &apos;e52b1be057*&apos;&#10;System info: os.name: &apos;Windows 10&apos;, os.arch: &apos;amd64&apos;, os.version: &apos;10.0&apos;, java.version: &apos;17.0.10&apos;&#10;Driver info: org.openqa.selenium.chrome.ChromeDriver&#10;Command: [6c6b502f73995535b47ea40abeddecc8, get {url=https://staging.virtualdepo.com/manager/login}]&#10;Capabilities {acceptInsecureCerts: false, browserName: chrome, browserVersion: 121.0.6167.161, chrome: {chromedriverVersion: 121.0.6167.85 (3f98d690ad7e..., userDataDir: C:\Users\UI-QA-~1\AppData\L...}, fedcm:accounts: true, goog:chromeOptions: {debuggerAddress: localhost:58586}, networkConnectionEnabled: false, pageLoadStrategy: normal, platformName: windows, proxy: Proxy(), se:cdp: ws://localhost:58586/devtoo..., se:cdpVersion: 121.0.6167.161, setWindowRect: true, strictFileInteractability: false, timeouts: {implicit: 0, pageLoad: 300000, script: 30000}, unhandledPromptBehavior: dismiss and notify, webauthn:extension:credBlob: true, webauthn:extension:largeBlob: true, webauthn:extension:minPinLength: true, webauthn:extension:prf: true, webauthn:virtualAuthenticators: true}&#10;Session ID: 6c6b502f73995535b47ea40abeddecc8" type="org.openqa.selenium.TimeoutException"><![CDATA[org.openqa.selenium.TimeoutException: 
timeout: Timed out receiving message from renderer: 28.240
  (Session info: chrome=121.0.6167.161)
Build info: version: '4.17.0', revision: 'e52b1be057*'
System info: os.name: 'Windows 10', os.arch: 'amd64', os.version: '10.0', java.version: '17.0.10'
Driver info: org.openqa.selenium.chrome.ChromeDriver
Command: [6c6b502f73995535b47ea40abeddecc8, get {url=https://staging.virtualdepo.com/manager/login}]
Capabilities {acceptInsecureCerts: false, browserName: chrome, browserVersion: 121.0.6167.161, chrome: {chromedriverVersion: 121.0.6167.85 (3f98d690ad7e..., userDataDir: C:\Users\UI-QA-~1\AppData\L...}, fedcm:accounts: true, goog:chromeOptions: {debuggerAddress: localhost:58586}, networkConnectionEnabled: false, pageLoadStrategy: normal, platformName: windows, proxy: Proxy(), se:cdp: ws://localhost:58586/devtoo..., se:cdpVersion: 121.0.6167.161, setWindowRect: true, strictFileInteractability: false, timeouts: {implicit: 0, pageLoad: 300000, script: 30000}, unhandledPromptBehavior: dismiss and notify, webauthn:extension:credBlob: true, webauthn:extension:largeBlob: true, webauthn:extension:minPinLength: true, webauthn:extension:prf: true, webauthn:virtualAuthenticators: true}
Session ID: 6c6b502f73995535b47ea40abeddecc8
	at java.base/jdk.internal.reflect.NativeConstructorAccessorImpl.newInstance0(Native Method)
	at java.base/jdk.internal.reflect.NativeConstructorAccessorImpl.newInstance(NativeConstructorAccessorImpl.java:77)
	at java.base/jdk.internal.reflect.DelegatingConstructorAccessorImpl.newInstance(DelegatingConstructorAccessorImpl.java:45)
	at java.base/java.lang.reflect.Constructor.newInstanceWithCaller(Constructor.java:499)
	at java.base/java.lang.reflect.Constructor.newInstance(Constructor.java:480)
	at org.openqa.selenium.remote.codec.w3c.W3CHttpResponseCodec.createException(W3CHttpResponseCodec.java:185)
	at org.openqa.selenium.remote.codec.w3c.W3CHttpResponseCodec.decode(W3CHttpResponseCodec.java:134)
	at org.openqa.selenium.remote.codec.w3c.W3CHttpResponseCodec.decode(W3CHttpResponseCodec.java:51)
	at org.openqa.selenium.remote.HttpCommandExecutor.execute(HttpCommandExecutor.java:190)
	at org.openqa.selenium.remote.service.DriverCommandExecutor.invokeExecute(DriverCommandExecutor.java:216)
	at org.openqa.selenium.remote.service.DriverCommandExecutor.execute(DriverCommandExecutor.java:174)
	at org.openqa.selenium.remote.RemoteWebDriver.execute(RemoteWebDriver.java:519)
	at org.openqa.selenium.remote.RemoteWebDriver.get(RemoteWebDriver.java:301)
	at Parallel.ApplicationHooks.navigate_to_CaseUp(ApplicationHooks.java:37)
]]></failure>
    <system-out><![CDATA[
@Present
Scenario: Checking guest functionality of caseUp # src/test/resources/Parallel/Present.feature:544
browser value is: chrome
      org.openqa.selenium.TimeoutException: timeout: Timed out receiving message from renderer: 28.240
  (Session info: chrome=121.0.6167.161)
Build info: version: '4.17.0', revision: 'e52b1be057*'
System info: os.name: 'Windows 10', os.arch: 'amd64', os.version: '10.0', java.version: '17.0.10'
Driver info: org.openqa.selenium.chrome.ChromeDriver
Command: [6c6b502f73995535b47ea40abeddecc8, get {url=https://staging.virtualdepo.com/manager/login}]
Capabilities {acceptInsecureCerts: false, browserName: chrome, browserVersion: 121.0.6167.161, chrome: {chromedriverVersion: 121.0.6167.85 (3f98d690ad7e..., userDataDir: C:\Users\UI-QA-~1\AppData\L...}, fedcm:accounts: true, goog:chromeOptions: {debuggerAddress: localhost:58586}, networkConnectionEnabled: false, pageLoadStrategy: normal, platformName: windows, proxy: Proxy(), se:cdp: ws://localhost:58586/devtoo..., se:cdpVersion: 121.0.6167.161, setWindowRect: true, strictFileInteractability: false, timeouts: {implicit: 0, pageLoad: 300000, script: 30000}, unhandledPromptBehavior: dismiss and notify, webauthn:extension:credBlob: true, webauthn:extension:largeBlob: true, webauthn:extension:minPinLength: true, webauthn:extension:prf: true, webauthn:virtualAuthenticators: true}
Session ID: 6c6b502f73995535b47ea40abeddecc8
	at java.base/jdk.internal.reflect.NativeConstructorAccessorImpl.newInstance0(Native Method)
	at java.base/jdk.internal.reflect.NativeConstructorAccessorImpl.newInstance(NativeConstructorAccessorImpl.java:77)
	at java.base/jdk.internal.reflect.DelegatingConstructorAccessorImpl.newInstance(DelegatingConstructorAccessorImpl.java:45)
	at java.base/java.lang.reflect.Constructor.newInstanceWithCaller(Constructor.java:499)
	at java.base/java.lang.reflect.Constructor.newInstance(Constructor.java:480)
	at org.openqa.selenium.remote.codec.w3c.W3CHttpResponseCodec.createException(W3CHttpResponseCodec.java:185)
	at org.openqa.selenium.remote.codec.w3c.W3CHttpResponseCodec.decode(W3CHttpResponseCodec.java:134)
	at org.openqa.selenium.remote.codec.w3c.W3CHttpResponseCodec.decode(W3CHttpResponseCodec.java:51)
	at org.openqa.selenium.remote.HttpCommandExecutor.execute(HttpCommandExecutor.java:190)
	at org.openqa.selenium.remote.service.DriverCommandExecutor.invokeExecute(DriverCommandExecutor.java:216)
	at org.openqa.selenium.remote.service.DriverCommandExecutor.execute(DriverCommandExecutor.java:174)
	at org.openqa.selenium.remote.RemoteWebDriver.execute(RemoteWebDriver.java:519)
	at org.openqa.selenium.remote.RemoteWebDriver.get(RemoteWebDriver.java:301)
	at Parallel.ApplicationHooks.navigate_to_CaseUp(ApplicationHooks.java:37)

  Given user navigate to the caseup baseurl      # Parallel.LoginTest.user_navigate_to_the_caseup_baseurl()
  When login with guest role                     # Parallel.PresentTest.login_with_guest_role()
  When check create button is visible or not     # Parallel.PresentTest.check_create_button_is_visible_or_not()

    Embedding Checking_guest_functionality_of_caseUp [image/png 86301 bytes]

]]></system-out>
    <system-err><![CDATA[[TestNG-PoolService-0] INFO io.github.bonigarcia.wdm.WebDriverManager - Using chromedriver 121.0.6167.85 (resolved driver for Chrome 121)
[TestNG-PoolService-0] INFO io.github.bonigarcia.wdm.WebDriverManager - Exporting webdriver.chrome.driver as C:\Users\ui-qa-22-1\.cache\selenium\chromedriver\win64\121.0.6167.85\chromedriver.exe
]]></system-err>
  </testcase>
  <testcase name="runScenario[&quot;Checking basic functionality of caseUp&quot;, &quot;Optional[Testing the present functionality of caseUp]&quot;](6)" classname="Parallel.ParallelRun" time="31.648">
    <failure message="timeout: Timed out receiving message from renderer: 28.512&#10;  (Session info: chrome=121.0.6167.161)&#10;Build info: version: &apos;4.17.0&apos;, revision: &apos;e52b1be057*&apos;&#10;System info: os.name: &apos;Windows 10&apos;, os.arch: &apos;amd64&apos;, os.version: &apos;10.0&apos;, java.version: &apos;17.0.10&apos;&#10;Driver info: org.openqa.selenium.chrome.ChromeDriver&#10;Command: [5c4bb44c53349bdb157da28d04f72bf0, get {url=https://staging.virtualdepo.com/manager/login}]&#10;Capabilities {acceptInsecureCerts: false, browserName: chrome, browserVersion: 121.0.6167.161, chrome: {chromedriverVersion: 121.0.6167.85 (3f98d690ad7e..., userDataDir: C:\Users\UI-QA-~1\AppData\L...}, fedcm:accounts: true, goog:chromeOptions: {debuggerAddress: localhost:58627}, networkConnectionEnabled: false, pageLoadStrategy: normal, platformName: windows, proxy: Proxy(), se:cdp: ws://localhost:58627/devtoo..., se:cdpVersion: 121.0.6167.161, setWindowRect: true, strictFileInteractability: false, timeouts: {implicit: 0, pageLoad: 300000, script: 30000}, unhandledPromptBehavior: dismiss and notify, webauthn:extension:credBlob: true, webauthn:extension:largeBlob: true, webauthn:extension:minPinLength: true, webauthn:extension:prf: true, webauthn:virtualAuthenticators: true}&#10;Session ID: 5c4bb44c53349bdb157da28d04f72bf0" type="org.openqa.selenium.TimeoutException"><![CDATA[org.openqa.selenium.TimeoutException: 
timeout: Timed out receiving message from renderer: 28.512
  (Session info: chrome=121.0.6167.161)
Build info: version: '4.17.0', revision: 'e52b1be057*'
System info: os.name: 'Windows 10', os.arch: 'amd64', os.version: '10.0', java.version: '17.0.10'
Driver info: org.openqa.selenium.chrome.ChromeDriver
Command: [5c4bb44c53349bdb157da28d04f72bf0, get {url=https://staging.virtualdepo.com/manager/login}]
Capabilities {acceptInsecureCerts: false, browserName: chrome, browserVersion: 121.0.6167.161, chrome: {chromedriverVersion: 121.0.6167.85 (3f98d690ad7e..., userDataDir: C:\Users\UI-QA-~1\AppData\L...}, fedcm:accounts: true, goog:chromeOptions: {debuggerAddress: localhost:58627}, networkConnectionEnabled: false, pageLoadStrategy: normal, platformName: windows, proxy: Proxy(), se:cdp: ws://localhost:58627/devtoo..., se:cdpVersion: 121.0.6167.161, setWindowRect: true, strictFileInteractability: false, timeouts: {implicit: 0, pageLoad: 300000, script: 30000}, unhandledPromptBehavior: dismiss and notify, webauthn:extension:credBlob: true, webauthn:extension:largeBlob: true, webauthn:extension:minPinLength: true, webauthn:extension:prf: true, webauthn:virtualAuthenticators: true}
Session ID: 5c4bb44c53349bdb157da28d04f72bf0
	at java.base/jdk.internal.reflect.NativeConstructorAccessorImpl.newInstance0(Native Method)
	at java.base/jdk.internal.reflect.NativeConstructorAccessorImpl.newInstance(NativeConstructorAccessorImpl.java:77)
	at java.base/jdk.internal.reflect.DelegatingConstructorAccessorImpl.newInstance(DelegatingConstructorAccessorImpl.java:45)
	at java.base/java.lang.reflect.Constructor.newInstanceWithCaller(Constructor.java:499)
	at java.base/java.lang.reflect.Constructor.newInstance(Constructor.java:480)
	at org.openqa.selenium.remote.codec.w3c.W3CHttpResponseCodec.createException(W3CHttpResponseCodec.java:185)
	at org.openqa.selenium.remote.codec.w3c.W3CHttpResponseCodec.decode(W3CHttpResponseCodec.java:134)
	at org.openqa.selenium.remote.codec.w3c.W3CHttpResponseCodec.decode(W3CHttpResponseCodec.java:51)
	at org.openqa.selenium.remote.HttpCommandExecutor.execute(HttpCommandExecutor.java:190)
	at org.openqa.selenium.remote.service.DriverCommandExecutor.invokeExecute(DriverCommandExecutor.java:216)
	at org.openqa.selenium.remote.service.DriverCommandExecutor.execute(DriverCommandExecutor.java:174)
	at org.openqa.selenium.remote.RemoteWebDriver.execute(RemoteWebDriver.java:519)
	at org.openqa.selenium.remote.RemoteWebDriver.get(RemoteWebDriver.java:301)
	at Parallel.ApplicationHooks.navigate_to_CaseUp(ApplicationHooks.java:37)
]]></failure>
    <system-out><![CDATA[
@Present
Scenario: Checking basic functionality of caseUp # src/test/resources/Parallel/Present.feature:548
browser value is: chrome
      org.openqa.selenium.TimeoutException: timeout: Timed out receiving message from renderer: 28.512
  (Session info: chrome=121.0.6167.161)
Build info: version: '4.17.0', revision: 'e52b1be057*'
System info: os.name: 'Windows 10', os.arch: 'amd64', os.version: '10.0', java.version: '17.0.10'
Driver info: org.openqa.selenium.chrome.ChromeDriver
Command: [5c4bb44c53349bdb157da28d04f72bf0, get {url=https://staging.virtualdepo.com/manager/login}]
Capabilities {acceptInsecureCerts: false, browserName: chrome, browserVersion: 121.0.6167.161, chrome: {chromedriverVersion: 121.0.6167.85 (3f98d690ad7e..., userDataDir: C:\Users\UI-QA-~1\AppData\L...}, fedcm:accounts: true, goog:chromeOptions: {debuggerAddress: localhost:58627}, networkConnectionEnabled: false, pageLoadStrategy: normal, platformName: windows, proxy: Proxy(), se:cdp: ws://localhost:58627/devtoo..., se:cdpVersion: 121.0.6167.161, setWindowRect: true, strictFileInteractability: false, timeouts: {implicit: 0, pageLoad: 300000, script: 30000}, unhandledPromptBehavior: dismiss and notify, webauthn:extension:credBlob: true, webauthn:extension:largeBlob: true, webauthn:extension:minPinLength: true, webauthn:extension:prf: true, webauthn:virtualAuthenticators: true}
Session ID: 5c4bb44c53349bdb157da28d04f72bf0
	at java.base/jdk.internal.reflect.NativeConstructorAccessorImpl.newInstance0(Native Method)
	at java.base/jdk.internal.reflect.NativeConstructorAccessorImpl.newInstance(NativeConstructorAccessorImpl.java:77)
	at java.base/jdk.internal.reflect.DelegatingConstructorAccessorImpl.newInstance(DelegatingConstructorAccessorImpl.java:45)
	at java.base/java.lang.reflect.Constructor.newInstanceWithCaller(Constructor.java:499)
	at java.base/java.lang.reflect.Constructor.newInstance(Constructor.java:480)
	at org.openqa.selenium.remote.codec.w3c.W3CHttpResponseCodec.createException(W3CHttpResponseCodec.java:185)
	at org.openqa.selenium.remote.codec.w3c.W3CHttpResponseCodec.decode(W3CHttpResponseCodec.java:134)
	at org.openqa.selenium.remote.codec.w3c.W3CHttpResponseCodec.decode(W3CHttpResponseCodec.java:51)
	at org.openqa.selenium.remote.HttpCommandExecutor.execute(HttpCommandExecutor.java:190)
	at org.openqa.selenium.remote.service.DriverCommandExecutor.invokeExecute(DriverCommandExecutor.java:216)
	at org.openqa.selenium.remote.service.DriverCommandExecutor.execute(DriverCommandExecutor.java:174)
	at org.openqa.selenium.remote.RemoteWebDriver.execute(RemoteWebDriver.java:519)
	at org.openqa.selenium.remote.RemoteWebDriver.get(RemoteWebDriver.java:301)
	at Parallel.ApplicationHooks.navigate_to_CaseUp(ApplicationHooks.java:37)

  Given user navigate to the caseup baseurl      # Parallel.LoginTest.user_navigate_to_the_caseup_baseurl()
  When login with basic role                     # Parallel.PresentTest.login_with_basic_role()
  When check create button is visible            # Parallel.PresentTest.check_create_button_is_visible()

    Embedding Checking_basic_functionality_of_caseUp [image/png 86022 bytes]

]]></system-out>
    <system-err><![CDATA[[TestNG-PoolService-0] INFO io.github.bonigarcia.wdm.WebDriverManager - Using chromedriver 121.0.6167.85 (resolved driver for Chrome 121)
[TestNG-PoolService-0] INFO io.github.bonigarcia.wdm.WebDriverManager - Exporting webdriver.chrome.driver as C:\Users\ui-qa-22-1\.cache\selenium\chromedriver\win64\121.0.6167.85\chromedriver.exe
]]></system-err>
  </testcase>
  <testcase name="runScenario[&quot;Checking introduce exhibit functionality of caseUp with basic&quot;, &quot;Optional[Testing the present functionality of caseUp]&quot;](7)" classname="Parallel.ParallelRun" time="57.576">
    <system-out><![CDATA[
@Present
Scenario: Checking introduce exhibit functionality of caseUp with basic # src/test/resources/Parallel/Present.feature:552
browser value is: chrome
  Given user navigate to the caseup baseurl                             # Parallel.LoginTest.user_navigate_to_the_caseup_baseurl()
  When login with basic role                                            # Parallel.PresentTest.login_with_basic_role()
  When click on create new button                                       # Parallel.CreateDepositionTest.click_on_create_new_button()
  Then enter witness name                                               # Parallel.CreateDepositionTest.enter_witness_name()
  And enter noticing firm name                                          # Parallel.CreateDepositionTest.enter_noticing_firm_name()
  And enter case name                                                   # Parallel.CreateDepositionTest.enter_case_name()
  Then click on create button                                           # Parallel.CreateDepositionTest.click_on_create_button()
  Then click on upload file button                                      # Parallel.CreateDepositionTest.click_on_upload_file_button()
  And upload the file                                                   # Parallel.CreateDepositionTest.upload_the_file()
  Then click in submit button                                           # Parallel.CreateDepositionTest.click_in_submit_button()
  Then click on present button                                          # Parallel.PresentTest.click_on_present_button()
  Then click on upload icon                                             # Parallel.PresentTest.click_on_upload_icon()
  And upload the image                                                  # Parallel.PresentTest.upload_the_image()
  Then click on search button                                           # Parallel.PresentTest.click_on_search_button()
  And select the inputbox and type what you want to search              # Parallel.PresentTest.select_the_inputbox_and_type_what_you_want_to_search()
  Then check file is present or not                                     # Parallel.PresentTest.check_file_is_present_or_not()
  Then click on cancle button                                           # Parallel.PresentTest.click_on_cancle_button()
  When click on dotted dropped menu of created deposition               # Parallel.CreateDepositionTest.click_on_dotted_dropped_menu_of_created_deposition()
  And click on delete button                                            # Parallel.CreateDepositionTest.click_on_delete_button()
  Then click on yes button                                              # Parallel.CreateDepositionTest.click_on_yes_button()
]]></system-out>
    <system-err><![CDATA[[TestNG-PoolService-0] INFO io.github.bonigarcia.wdm.WebDriverManager - Using chromedriver 121.0.6167.85 (resolved driver for Chrome 121)
[TestNG-PoolService-0] INFO io.github.bonigarcia.wdm.WebDriverManager - Exporting webdriver.chrome.driver as C:\Users\ui-qa-22-1\.cache\selenium\chromedriver\win64\121.0.6167.85\chromedriver.exe
]]></system-err>
  </testcase>
  <testcase name="runScenario[&quot;Checking the upload functionality of CaseUp with basic&quot;, &quot;Optional[Testing the present functionality of caseUp]&quot;](8)" classname="Parallel.ParallelRun" time="114.776">
    <failure message="Expected condition failed: waiting for element to be clickable: Proxy element for: DefaultElementLocator &apos;By.xpath: //a[contains(.,&apos;Delete&apos;)]&apos; (tried for 30 second(s) with 500 milliseconds interval)" type="org.openqa.selenium.TimeoutException"><![CDATA[org.openqa.selenium.TimeoutException: Expected condition failed: waiting for element to be clickable: Proxy element for: DefaultElementLocator 'By.xpath: //a[contains(.,'Delete')]' (tried for 30 second(s) with 500 milliseconds interval)
	at org.openqa.selenium.support.ui.WebDriverWait.timeoutException(WebDriverWait.java:84)
	at org.openqa.selenium.support.ui.FluentWait.until(FluentWait.java:228)
	at com.qa.factory.WebDriverUtil.waitForElementToBeClickable(WebDriverUtil.java:31)
	at com.qa.pages.CreateDeposition.clickOnDeleteButton(CreateDeposition.java:279)
	at Parallel.CreateDepositionTest.click_on_delete_button(CreateDepositionTest.java:175)
	at ✽.click on delete button(file:///C:/Users/ui-qa-22-1/Documents/Duplicate%20CaseUp/Duplicate%20CaseUp/./src/test/resources/Parallel/Present.feature:586)
Caused by: org.openqa.selenium.NoSuchElementException: no such element: Unable to locate element: {"method":"xpath","selector":"//a[contains(.,'Delete')]"}
  (Session info: chrome=121.0.6167.161)
For documentation on this error, please visit: https://www.selenium.dev/documentation/webdriver/troubleshooting/errors#no-such-element-exception
Build info: version: '4.17.0', revision: 'e52b1be057*'
System info: os.name: 'Windows 10', os.arch: 'amd64', os.version: '10.0', java.version: '17.0.10'
Driver info: org.openqa.selenium.chrome.ChromeDriver
Command: [b6116e4c4e2e2b5f328f564a591062a8, findElement {using=xpath, value=//a[contains(.,'Delete')]}]
Capabilities {acceptInsecureCerts: false, browserName: chrome, browserVersion: 121.0.6167.161, chrome: {chromedriverVersion: 121.0.6167.85 (3f98d690ad7e..., userDataDir: C:\Users\UI-QA-~1\AppData\L...}, fedcm:accounts: true, goog:chromeOptions: {debuggerAddress: localhost:58771}, networkConnectionEnabled: false, pageLoadStrategy: normal, platformName: windows, proxy: Proxy(), se:cdp: ws://localhost:58771/devtoo..., se:cdpVersion: 121.0.6167.161, setWindowRect: true, strictFileInteractability: false, timeouts: {implicit: 0, pageLoad: 300000, script: 30000}, unhandledPromptBehavior: dismiss and notify, webauthn:extension:credBlob: true, webauthn:extension:largeBlob: true, webauthn:extension:minPinLength: true, webauthn:extension:prf: true, webauthn:virtualAuthenticators: true}
Session ID: b6116e4c4e2e2b5f328f564a591062a8
	at java.base/jdk.internal.reflect.NativeConstructorAccessorImpl.newInstance0(Native Method)
	at java.base/jdk.internal.reflect.NativeConstructorAccessorImpl.newInstance(NativeConstructorAccessorImpl.java:77)
	at java.base/jdk.internal.reflect.DelegatingConstructorAccessorImpl.newInstance(DelegatingConstructorAccessorImpl.java:45)
	at java.base/java.lang.reflect.Constructor.newInstanceWithCaller(Constructor.java:499)
	at java.base/java.lang.reflect.Constructor.newInstance(Constructor.java:480)
	at org.openqa.selenium.remote.codec.w3c.W3CHttpResponseCodec.createException(W3CHttpResponseCodec.java:185)
	at org.openqa.selenium.remote.codec.w3c.W3CHttpResponseCodec.decode(W3CHttpResponseCodec.java:134)
	at org.openqa.selenium.remote.codec.w3c.W3CHttpResponseCodec.decode(W3CHttpResponseCodec.java:51)
	at org.openqa.selenium.remote.HttpCommandExecutor.execute(HttpCommandExecutor.java:190)
	at org.openqa.selenium.remote.service.DriverCommandExecutor.invokeExecute(DriverCommandExecutor.java:216)
	at org.openqa.selenium.remote.service.DriverCommandExecutor.execute(DriverCommandExecutor.java:174)
	at org.openqa.selenium.remote.RemoteWebDriver.execute(RemoteWebDriver.java:519)
	at org.openqa.selenium.remote.ElementLocation$ElementFinder$2.findElement(ElementLocation.java:165)
	at org.openqa.selenium.remote.ElementLocation.findElement(ElementLocation.java:59)
	at org.openqa.selenium.remote.RemoteWebDriver.findElement(RemoteWebDriver.java:356)
	at org.openqa.selenium.remote.RemoteWebDriver.findElement(RemoteWebDriver.java:350)
	at org.openqa.selenium.support.pagefactory.DefaultElementLocator.findElement(DefaultElementLocator.java:68)
	at org.openqa.selenium.support.pagefactory.internal.LocatingElementHandler.invoke(LocatingElementHandler.java:38)
	at jdk.proxy2/jdk.proxy2.$Proxy20.isDisplayed(Unknown Source)
	at org.openqa.selenium.support.ui.ExpectedConditions.elementIfVisible(ExpectedConditions.java:304)
	at org.openqa.selenium.support.ui.ExpectedConditions$10.apply(ExpectedConditions.java:290)
	at org.openqa.selenium.support.ui.ExpectedConditions$10.apply(ExpectedConditions.java:287)
	at org.openqa.selenium.support.ui.ExpectedConditions$23.apply(ExpectedConditions.java:656)
	at org.openqa.selenium.support.ui.ExpectedConditions$23.apply(ExpectedConditions.java:652)
	at org.openqa.selenium.support.ui.FluentWait.until(FluentWait.java:203)
	at com.qa.factory.WebDriverUtil.waitForElementToBeClickable(WebDriverUtil.java:31)
	at com.qa.pages.CreateDeposition.clickOnDeleteButton(CreateDeposition.java:279)
	at Parallel.CreateDepositionTest.click_on_delete_button(CreateDepositionTest.java:175)
	at java.base/jdk.internal.reflect.NativeMethodAccessorImpl.invoke0(Native Method)
	at java.base/jdk.internal.reflect.NativeMethodAccessorImpl.invoke(NativeMethodAccessorImpl.java:77)
	at java.base/jdk.internal.reflect.DelegatingMethodAccessorImpl.invoke(DelegatingMethodAccessorImpl.java:43)
	at java.base/java.lang.reflect.Method.invoke(Method.java:568)
	at io.cucumber.java.Invoker.doInvoke(Invoker.java:66)
	at io.cucumber.java.Invoker.invoke(Invoker.java:24)
	at io.cucumber.java.AbstractGlueDefinition.invokeMethod(AbstractGlueDefinition.java:47)
	at io.cucumber.java.JavaStepDefinition.execute(JavaStepDefinition.java:29)
	at io.cucumber.core.runner.CoreStepDefinition.execute(CoreStepDefinition.java:66)
	at io.cucumber.core.runner.PickleStepDefinitionMatch.runStep(PickleStepDefinitionMatch.java:63)
	at io.cucumber.core.runner.ExecutionMode$1.execute(ExecutionMode.java:10)
	at io.cucumber.core.runner.TestStep.executeStep(TestStep.java:92)
	at io.cucumber.core.runner.TestStep.run(TestStep.java:64)
	at io.cucumber.core.runner.PickleStepTestStep.run(PickleStepTestStep.java:51)
	at io.cucumber.core.runner.TestCase.run(TestCase.java:104)
	at io.cucumber.core.runner.Runner.runPickle(Runner.java:71)
	at io.cucumber.testng.TestNGCucumberRunner.lambda$runScenario$0(TestNGCucumberRunner.java:116)
	at io.cucumber.core.runtime.CucumberExecutionContext.runTestCase(CucumberExecutionContext.java:117)
	at io.cucumber.testng.TestNGCucumberRunner.runScenario(TestNGCucumberRunner.java:113)
	at io.cucumber.testng.AbstractTestNGCucumberTests.runScenario(AbstractTestNGCucumberTests.java:31)
	at java.base/jdk.internal.reflect.NativeMethodAccessorImpl.invoke0(Native Method)
	at java.base/jdk.internal.reflect.NativeMethodAccessorImpl.invoke(NativeMethodAccessorImpl.java:77)
	at java.base/jdk.internal.reflect.DelegatingMethodAccessorImpl.invoke(DelegatingMethodAccessorImpl.java:43)
	at java.base/java.lang.reflect.Method.invoke(Method.java:568)
	at org.testng.internal.MethodInvocationHelper.invokeMethod(MethodInvocationHelper.java:124)
	at org.testng.internal.Invoker.invokeMethod(Invoker.java:583)
	at org.testng.internal.Invoker.invokeTestMethod(Invoker.java:719)
	at org.testng.internal.TestMethodWithDataProviderMethodWorker.call(TestMethodWithDataProviderMethodWorker.java:71)
	at org.testng.internal.TestMethodWithDataProviderMethodWorker.call(TestMethodWithDataProviderMethodWorker.java:14)
	at java.base/java.util.concurrent.FutureTask.run(FutureTask.java:264)
	at java.base/java.util.concurrent.Executors$RunnableAdapter.call(Executors.java:539)
	at java.base/java.util.concurrent.FutureTask.run(FutureTask.java:264)
	at java.base/java.util.concurrent.ThreadPoolExecutor.runWorker(ThreadPoolExecutor.java:1136)
	at java.base/java.util.concurrent.ThreadPoolExecutor$Worker.run(ThreadPoolExecutor.java:635)
	at java.base/java.lang.Thread.run(Thread.java:840)
]]></failure>
    <system-out><![CDATA[
@Present
Scenario: Checking the upload functionality of CaseUp with basic # src/test/resources/Parallel/Present.feature:573
browser value is: chrome
  Given user navigate to the caseup baseurl                      # Parallel.LoginTest.user_navigate_to_the_caseup_baseurl()
  When login with basic role                                     # Parallel.PresentTest.login_with_basic_role()
  When click on create new button                                # Parallel.CreateDepositionTest.click_on_create_new_button()
  Then enter witness name                                        # Parallel.CreateDepositionTest.enter_witness_name()
  And enter noticing firm name                                   # Parallel.CreateDepositionTest.enter_noticing_firm_name()
  And enter case name                                            # Parallel.CreateDepositionTest.enter_case_name()
  Then click on create button                                    # Parallel.CreateDepositionTest.click_on_create_button()
  Then click on upload file button                               # Parallel.CreateDepositionTest.click_on_upload_file_button()
  Then click in submit button                                    # Parallel.CreateDepositionTest.click_in_submit_button()
  Then click on present button                                   # Parallel.PresentTest.click_on_present_button()
  Then click on upload click button                              # Parallel.PresentTest.click_on_upload_click_button()
  Then click on cancle button                                    # Parallel.PresentTest.click_on_cancle_button()
  When click on dotted dropped menu of created deposition        # Parallel.CreateDepositionTest.click_on_dotted_dropped_menu_of_created_deposition()
  And click on delete button                                     # Parallel.CreateDepositionTest.click_on_delete_button()
      org.openqa.selenium.TimeoutException: Expected condition failed: waiting for element to be clickable: Proxy element for: DefaultElementLocator 'By.xpath: //a[contains(.,'Delete')]' (tried for 30 second(s) with 500 milliseconds interval)
	at org.openqa.selenium.support.ui.WebDriverWait.timeoutException(WebDriverWait.java:84)
	at org.openqa.selenium.support.ui.FluentWait.until(FluentWait.java:228)
	at com.qa.factory.WebDriverUtil.waitForElementToBeClickable(WebDriverUtil.java:31)
	at com.qa.pages.CreateDeposition.clickOnDeleteButton(CreateDeposition.java:279)
	at Parallel.CreateDepositionTest.click_on_delete_button(CreateDepositionTest.java:175)
	at âœ½.click on delete button(file:///C:/Users/ui-qa-22-1/Documents/Duplicate%20CaseUp/Duplicate%20CaseUp/./src/test/resources/Parallel/Present.feature:586)
Caused by: org.openqa.selenium.NoSuchElementException: no such element: Unable to locate element: {"method":"xpath","selector":"//a[contains(.,'Delete')]"}
  (Session info: chrome=121.0.6167.161)
For documentation on this error, please visit: https://www.selenium.dev/documentation/webdriver/troubleshooting/errors#no-such-element-exception
Build info: version: '4.17.0', revision: 'e52b1be057*'
System info: os.name: 'Windows 10', os.arch: 'amd64', os.version: '10.0', java.version: '17.0.10'
Driver info: org.openqa.selenium.chrome.ChromeDriver
Command: [b6116e4c4e2e2b5f328f564a591062a8, findElement {using=xpath, value=//a[contains(.,'Delete')]}]
Capabilities {acceptInsecureCerts: false, browserName: chrome, browserVersion: 121.0.6167.161, chrome: {chromedriverVersion: 121.0.6167.85 (3f98d690ad7e..., userDataDir: C:\Users\UI-QA-~1\AppData\L...}, fedcm:accounts: true, goog:chromeOptions: {debuggerAddress: localhost:58771}, networkConnectionEnabled: false, pageLoadStrategy: normal, platformName: windows, proxy: Proxy(), se:cdp: ws://localhost:58771/devtoo..., se:cdpVersion: 121.0.6167.161, setWindowRect: true, strictFileInteractability: false, timeouts: {implicit: 0, pageLoad: 300000, script: 30000}, unhandledPromptBehavior: dismiss and notify, webauthn:extension:credBlob: true, webauthn:extension:largeBlob: true, webauthn:extension:minPinLength: true, webauthn:extension:prf: true, webauthn:virtualAuthenticators: true}
Session ID: b6116e4c4e2e2b5f328f564a591062a8
	at java.base/jdk.internal.reflect.NativeConstructorAccessorImpl.newInstance0(Native Method)
	at java.base/jdk.internal.reflect.NativeConstructorAccessorImpl.newInstance(NativeConstructorAccessorImpl.java:77)
	at java.base/jdk.internal.reflect.DelegatingConstructorAccessorImpl.newInstance(DelegatingConstructorAccessorImpl.java:45)
	at java.base/java.lang.reflect.Constructor.newInstanceWithCaller(Constructor.java:499)
	at java.base/java.lang.reflect.Constructor.newInstance(Constructor.java:480)
	at org.openqa.selenium.remote.codec.w3c.W3CHttpResponseCodec.createException(W3CHttpResponseCodec.java:185)
	at org.openqa.selenium.remote.codec.w3c.W3CHttpResponseCodec.decode(W3CHttpResponseCodec.java:134)
	at org.openqa.selenium.remote.codec.w3c.W3CHttpResponseCodec.decode(W3CHttpResponseCodec.java:51)
	at org.openqa.selenium.remote.HttpCommandExecutor.execute(HttpCommandExecutor.java:190)
	at org.openqa.selenium.remote.service.DriverCommandExecutor.invokeExecute(DriverCommandExecutor.java:216)
	at org.openqa.selenium.remote.service.DriverCommandExecutor.execute(DriverCommandExecutor.java:174)
	at org.openqa.selenium.remote.RemoteWebDriver.execute(RemoteWebDriver.java:519)
	at org.openqa.selenium.remote.ElementLocation$ElementFinder$2.findElement(ElementLocation.java:165)
	at org.openqa.selenium.remote.ElementLocation.findElement(ElementLocation.java:59)
	at org.openqa.selenium.remote.RemoteWebDriver.findElement(RemoteWebDriver.java:356)
	at org.openqa.selenium.remote.RemoteWebDriver.findElement(RemoteWebDriver.java:350)
	at org.openqa.selenium.support.pagefactory.DefaultElementLocator.findElement(DefaultElementLocator.java:68)
	at org.openqa.selenium.support.pagefactory.internal.LocatingElementHandler.invoke(LocatingElementHandler.java:38)
	at jdk.proxy2/jdk.proxy2.$Proxy20.isDisplayed(Unknown Source)
	at org.openqa.selenium.support.ui.ExpectedConditions.elementIfVisible(ExpectedConditions.java:304)
	at org.openqa.selenium.support.ui.ExpectedConditions$10.apply(ExpectedConditions.java:290)
	at org.openqa.selenium.support.ui.ExpectedConditions$10.apply(ExpectedConditions.java:287)
	at org.openqa.selenium.support.ui.ExpectedConditions$23.apply(ExpectedConditions.java:656)
	at org.openqa.selenium.support.ui.ExpectedConditions$23.apply(ExpectedConditions.java:652)
	at org.openqa.selenium.support.ui.FluentWait.until(FluentWait.java:203)
	at com.qa.factory.WebDriverUtil.waitForElementToBeClickable(WebDriverUtil.java:31)
	at com.qa.pages.CreateDeposition.clickOnDeleteButton(CreateDeposition.java:279)
	at Parallel.CreateDepositionTest.click_on_delete_button(CreateDepositionTest.java:175)
	at java.base/jdk.internal.reflect.NativeMethodAccessorImpl.invoke0(Native Method)
	at java.base/jdk.internal.reflect.NativeMethodAccessorImpl.invoke(NativeMethodAccessorImpl.java:77)
	at java.base/jdk.internal.reflect.DelegatingMethodAccessorImpl.invoke(DelegatingMethodAccessorImpl.java:43)
	at java.base/java.lang.reflect.Method.invoke(Method.java:568)
	at io.cucumber.java.Invoker.doInvoke(Invoker.java:66)
	at io.cucumber.java.Invoker.invoke(Invoker.java:24)
	at io.cucumber.java.AbstractGlueDefinition.invokeMethod(AbstractGlueDefinition.java:47)
	at io.cucumber.java.JavaStepDefinition.execute(JavaStepDefinition.java:29)
	at io.cucumber.core.runner.CoreStepDefinition.execute(CoreStepDefinition.java:66)
	at io.cucumber.core.runner.PickleStepDefinitionMatch.runStep(PickleStepDefinitionMatch.java:63)
	at io.cucumber.core.runner.ExecutionMode$1.execute(ExecutionMode.java:10)
	at io.cucumber.core.runner.TestStep.executeStep(TestStep.java:92)
	at io.cucumber.core.runner.TestStep.run(TestStep.java:64)
	at io.cucumber.core.runner.PickleStepTestStep.run(PickleStepTestStep.java:51)
	at io.cucumber.core.runner.TestCase.run(TestCase.java:104)
	at io.cucumber.core.runner.Runner.runPickle(Runner.java:71)
	at io.cucumber.testng.TestNGCucumberRunner.lambda$runScenario$0(TestNGCucumberRunner.java:116)
	at io.cucumber.core.runtime.CucumberExecutionContext.runTestCase(CucumberExecutionContext.java:117)
	at io.cucumber.testng.TestNGCucumberRunner.runScenario(TestNGCucumberRunner.java:113)
	at io.cucumber.testng.AbstractTestNGCucumberTests.runScenario(AbstractTestNGCucumberTests.java:31)
	at java.base/jdk.internal.reflect.NativeMethodAccessorImpl.invoke0(Native Method)
	at java.base/jdk.internal.reflect.NativeMethodAccessorImpl.invoke(NativeMethodAccessorImpl.java:77)
	at java.base/jdk.internal.reflect.DelegatingMethodAccessorImpl.invoke(DelegatingMethodAccessorImpl.java:43)
	at java.base/java.lang.reflect.Method.invoke(Method.java:568)
	at org.testng.internal.MethodInvocationHelper.invokeMethod(MethodInvocationHelper.java:124)
	at org.testng.internal.Invoker.invokeMethod(Invoker.java:583)
	at org.testng.internal.Invoker.invokeTestMethod(Invoker.java:719)
	at org.testng.internal.TestMethodWithDataProviderMethodWorker.call(TestMethodWithDataProviderMethodWorker.java:71)
	at org.testng.internal.TestMethodWithDataProviderMethodWorker.call(TestMethodWithDataProviderMethodWorker.java:14)
	at java.base/java.util.concurrent.FutureTask.run(FutureTask.java:264)
	at java.base/java.util.concurrent.Executors$RunnableAdapter.call(Executors.java:539)
	at java.base/java.util.concurrent.FutureTask.run(FutureTask.java:264)
	at java.base/java.util.concurrent.ThreadPoolExecutor.runWorker(ThreadPoolExecutor.java:1136)
	at java.base/java.util.concurrent.ThreadPoolExecutor$Worker.run(ThreadPoolExecutor.java:635)
	at java.base/java.lang.Thread.run(Thread.java:840)

  Then click on yes button                                       # Parallel.CreateDepositionTest.click_on_yes_button()

    Embedding Checking_the_upload_functionality_of_CaseUp_with_basic [image/png 579666 bytes]

]]></system-out>
    <system-err><![CDATA[[TestNG-PoolService-0] INFO io.github.bonigarcia.wdm.WebDriverManager - Using chromedriver 121.0.6167.85 (resolved driver for Chrome 121)
[TestNG-PoolService-0] INFO io.github.bonigarcia.wdm.WebDriverManager - Exporting webdriver.chrome.driver as C:\Users\ui-qa-22-1\.cache\selenium\chromedriver\win64\121.0.6167.85\chromedriver.exe
]]></system-err>
  </testcase>
  <testcase name="runScenario[&quot;Checking introduce exhibit functionality of caseUp with basic&quot;, &quot;Optional[Testing the present functionality of caseUp]&quot;](9)" classname="Parallel.ParallelRun" time="57.944">
    <system-out><![CDATA[
@Present
Scenario: Checking introduce exhibit functionality of caseUp with basic # src/test/resources/Parallel/Present.feature:589
browser value is: chrome
  Given user navigate to the caseup baseurl                             # Parallel.LoginTest.user_navigate_to_the_caseup_baseurl()
  When login with basic role                                            # Parallel.PresentTest.login_with_basic_role()
  When click on create new button                                       # Parallel.CreateDepositionTest.click_on_create_new_button()
  Then enter witness name                                               # Parallel.CreateDepositionTest.enter_witness_name()
  And enter noticing firm name                                          # Parallel.CreateDepositionTest.enter_noticing_firm_name()
  And enter case name                                                   # Parallel.CreateDepositionTest.enter_case_name()
  Then click on create button                                           # Parallel.CreateDepositionTest.click_on_create_button()
  Then click on upload file button                                      # Parallel.CreateDepositionTest.click_on_upload_file_button()
  And upload the file                                                   # Parallel.CreateDepositionTest.upload_the_file()
  Then click in submit button                                           # Parallel.CreateDepositionTest.click_in_submit_button()
  Then click on present button                                          # Parallel.PresentTest.click_on_present_button()
  Then click on introduce button                                        # Parallel.PresentTest.click_on_introduce_button()
  And check the validation message for introduce exhibit                # Parallel.PresentTest.check_the_validation_message_for_introduce_exhibit()
  When click on dotted dropped menu of selected file                    # Parallel.PresentTest.click_on_dotted_dropped_menu_of_selected_file()
  Then click on undo exhibit button                                     # Parallel.PresentTest.click_on_undo_exhibit_button()
  And click on yes button for undo deposition                           # Parallel.PresentTest.click_on_yes_button_for_undo_deposition()
  Then click on cancle button                                           # Parallel.PresentTest.click_on_cancle_button()
  When click on dotted dropped menu of created deposition               # Parallel.CreateDepositionTest.click_on_dotted_dropped_menu_of_created_deposition()
  And click on delete button                                            # Parallel.CreateDepositionTest.click_on_delete_button()
  Then click on yes button                                              # Parallel.CreateDepositionTest.click_on_yes_button()
]]></system-out>
    <system-err><![CDATA[[TestNG-PoolService-0] INFO io.github.bonigarcia.wdm.WebDriverManager - Using chromedriver 121.0.6167.85 (resolved driver for Chrome 121)
[TestNG-PoolService-0] INFO io.github.bonigarcia.wdm.WebDriverManager - Exporting webdriver.chrome.driver as C:\Users\ui-qa-22-1\.cache\selenium\chromedriver\win64\121.0.6167.85\chromedriver.exe
]]></system-err>
  </testcase>
  <testcase name="runScenario[&quot;Checking introduce exhibit functionality for blank exhibit number of caseUp with basic&quot;, &quot;Optional[Testing the present functionality of caseUp]&quot;](10)" classname="Parallel.ParallelRun" time="31.555">
    <failure message="timeout: Timed out receiving message from renderer: 28.302&#10;  (Session info: chrome=121.0.6167.161)&#10;Build info: version: &apos;4.17.0&apos;, revision: &apos;e52b1be057*&apos;&#10;System info: os.name: &apos;Windows 10&apos;, os.arch: &apos;amd64&apos;, os.version: &apos;10.0&apos;, java.version: &apos;17.0.10&apos;&#10;Driver info: org.openqa.selenium.chrome.ChromeDriver&#10;Command: [d593338f87b1dc28532c7a3afd0ac358, get {url=https://staging.virtualdepo.com/manager/login}]&#10;Capabilities {acceptInsecureCerts: false, browserName: chrome, browserVersion: 121.0.6167.161, chrome: {chromedriverVersion: 121.0.6167.85 (3f98d690ad7e..., userDataDir: C:\Users\UI-QA-~1\AppData\L...}, fedcm:accounts: true, goog:chromeOptions: {debuggerAddress: localhost:58984}, networkConnectionEnabled: false, pageLoadStrategy: normal, platformName: windows, proxy: Proxy(), se:cdp: ws://localhost:58984/devtoo..., se:cdpVersion: 121.0.6167.161, setWindowRect: true, strictFileInteractability: false, timeouts: {implicit: 0, pageLoad: 300000, script: 30000}, unhandledPromptBehavior: dismiss and notify, webauthn:extension:credBlob: true, webauthn:extension:largeBlob: true, webauthn:extension:minPinLength: true, webauthn:extension:prf: true, webauthn:virtualAuthenticators: true}&#10;Session ID: d593338f87b1dc28532c7a3afd0ac358" type="org.openqa.selenium.TimeoutException"><![CDATA[org.openqa.selenium.TimeoutException: 
timeout: Timed out receiving message from renderer: 28.302
  (Session info: chrome=121.0.6167.161)
Build info: version: '4.17.0', revision: 'e52b1be057*'
System info: os.name: 'Windows 10', os.arch: 'amd64', os.version: '10.0', java.version: '17.0.10'
Driver info: org.openqa.selenium.chrome.ChromeDriver
Command: [d593338f87b1dc28532c7a3afd0ac358, get {url=https://staging.virtualdepo.com/manager/login}]
[...]
Session ID: cae8d65501c210fa8a0e2e5839d52322
	at java.base/jdk.internal.reflect.NativeConstructorAccessorImpl.newInstance0(Native Method)
	at java.base/jdk.internal.reflect.NativeConstructorAccessorImpl.newInstance(NativeConstructorAccessorImpl.java:77)
	at java.base/jdk.internal.reflect.DelegatingConstructorAccessorImpl.newInstance(DelegatingConstructorAccessorImpl.java:45)
	at java.base/java.lang.reflect.Constructor.newInstanceWithCaller(Constructor.java:499)
	at java.base/java.lang.reflect.Constructor.newInstance(Constructor.java:480)
	at org.openqa.selenium.remote.codec.w3c.W3CHttpResponseCodec.createException(W3CHttpResponseCodec.java:185)
	at org.openqa.selenium.remote.codec.w3c.W3CHttpResponseCodec.decode(W3CHttpResponseCodec.java:134)
	at org.openqa.selenium.remote.codec.w3c.W3CHttpResponseCodec.decode(W3CHttpResponseCodec.java:51)
	at org.openqa.selenium.remote.HttpCommandExecutor.execute(HttpCommandExecutor.java:190)
	at org.openqa.selenium.remote.service.DriverCommandExecutor.invokeExecute(DriverCommandExecutor.java:216)
	at org.openqa.selenium.remote.service.DriverCommandExecutor.execute(DriverCommandExecutor.java:174)
	at org.openqa.selenium.remote.RemoteWebDriver.execute(RemoteWebDriver.java:519)
	at org.openqa.selenium.remote.RemoteWebDriver.get(RemoteWebDriver.java:301)
	at Parallel.ApplicationHooks.navigate_to_CaseUp(ApplicationHooks.java:37)
]]></failure>
    <system-out><![CDATA[
@Present
Scenario: Checking sync and preview exhibit functionality of caseUp with basic # src/test/resources/Parallel/Present.feature:774
browser value is: chrome
      org.openqa.selenium.TimeoutException: timeout: Timed out receiving message from renderer: 28.372
  (Session info: chrome=121.0.6167.161)
Build info: version: '4.17.0', revision: 'e52b1be057*'
System info: os.name: 'Windows 10', os.arch: 'amd64', os.version: '10.0', java.version: '17.0.10'
Driver info: org.openqa.selenium.chrome.ChromeDriver
Command: [cae8d65501c210fa8a0e2e5839d52322, get {url=https://staging.virtualdepo.com/manager/login}]
Capabilities {acceptInsecureCerts: false, browserName: chrome, browserVersion: 121.0.6167.161, chrome: {chromedriverVersion: 121.0.6167.85 (3f98d690ad7e..., userDataDir: C:\Users\UI-QA-~1\AppData\L...}, fedcm:accounts: true, goog:chromeOptions: {debuggerAddress: localhost:59498}, networkConnectionEnabled: false, pageLoadStrategy: normal, platformName: windows, proxy: Proxy(), se:cdp: ws://localhost:59498/devtoo..., se:cdpVersion: 121.0.6167.161, setWindowRect: true, strictFileInteractability: false, timeouts: {implicit: 0, pageLoad: 300000, script: 30000}, unhandledPromptBehavior: dismiss and notify, webauthn:extension:credBlob: true, webauthn:extension:largeBlob: true, webauthn:extension:minPinLength: true, webauthn:extension:prf: true, webauthn:virtualAuthenticators: true}
Session ID: cae8d65501c210fa8a0e2e5839d52322
	at java.base/jdk.internal.reflect.NativeConstructorAccessorImpl.newInstance0(Native Method)
	at java.base/jdk.internal.reflect.NativeConstructorAccessorImpl.newInstance(NativeConstructorAccessorImpl.java:77)
	at java.base/jdk.internal.reflect.DelegatingConstructorAccessorImpl.newInstance(DelegatingConstructorAccessorImpl.java:45)
	at java.base/java.lang.reflect.Constructor.newInstanceWithCaller(Constructor.java:499)
	at java.base/java.lang.reflect.Constructor.newInstance(Constructor.java:480)
	at org.openqa.selenium.remote.codec.w3c.W3CHttpResponseCodec.createException(W3CHttpResponseCodec.java:185)
	at org.openqa.selenium.remote.codec.w3c.W3CHttpResponseCodec.decode(W3CHttpResponseCodec.java:134)
	at org.openqa.selenium.remote.codec.w3c.W3CHttpResponseCodec.decode(W3CHttpResponseCodec.java:51)
	at org.openqa.selenium.remote.HttpCommandExecutor.execute(HttpCommandExecutor.java:190)
	at org.openqa.selenium.remote.service.DriverCommandExecutor.invokeExecute(DriverCommandExecutor.java:216)
	at org.openqa.selenium.remote.service.DriverCommandExecutor.execute(DriverCommandExecutor.java:174)
	at org.openqa.selenium.remote.RemoteWebDriver.execute(RemoteWebDriver.java:519)
	at org.openqa.selenium.remote.RemoteWebDriver.get(RemoteWebDriver.java:301)
	at Parallel.ApplicationHooks.navigate_to_CaseUp(ApplicationHooks.java:37)

  Given user navigate to the caseup baseurl                                    # Parallel.LoginTest.user_navigate_to_the_caseup_baseurl()
  When login with basic role                                                   # Parallel.PresentTest.login_with_basic_role()
  When click on create new button                                              # Parallel.CreateDepositionTest.click_on_create_new_button()
  Then enter witness name                                                      # Parallel.CreateDepositionTest.enter_witness_name()
  And enter noticing firm name                                                 # Parallel.CreateDepositionTest.enter_noticing_firm_name()
  And enter case name                                                          # Parallel.CreateDepositionTest.enter_case_name()
  Then click on create button                                                  # Parallel.CreateDepositionTest.click_on_create_button()
  Then click on upload file button                                             # Parallel.CreateDepositionTest.click_on_upload_file_button()
  And upload the file                                                          # Parallel.CreateDepositionTest.upload_the_file()
  Then click in submit button                                                  # Parallel.CreateDepositionTest.click_in_submit_button()
  Then click on present button                                                 # Parallel.PresentTest.click_on_present_button()
  Then click on introduce button                                               # Parallel.PresentTest.click_on_introduce_button()
  And check the validation message for introduce exhibit                       # Parallel.PresentTest.check_the_validation_message_for_introduce_exhibit()
  Then click on DropDown Toggle show                                           # Parallel.PresentTest.click_on_drop_down_toggle_show()
  And click on select dropdown                                                 # Parallel.PresentTest.click_on_select_dropdown()
  Then click on sync button                                                    # Parallel.PresentTest.click_on_sync_button()
  When click on dotted dropped menu of selected file                           # Parallel.PresentTest.click_on_dotted_dropped_menu_of_selected_file()
  Then click on DropDown Toggle show                                           # Parallel.PresentTest.click_on_drop_down_toggle_show()
  And click on select dropdown                                                 # Parallel.PresentTest.click_on_select_dropdown()
  Then click on preview button                                                 # Parallel.PresentTest.click_on_preview_button()
  When click on dotted dropped menu of selected file                           # Parallel.PresentTest.click_on_dotted_dropped_menu_of_selected_file()
  Then click on DropDown Toggle show                                           # Parallel.PresentTest.click_on_drop_down_toggle_show()
  Then click on switch Previewer Status button                                 # Parallel.PresentTest.click_on_switch_previewer_status_button()
  Then click on cancle button                                                  # Parallel.PresentTest.click_on_cancle_button()
  When click on dotted dropped menu of created deposition                      # Parallel.CreateDepositionTest.click_on_dotted_dropped_menu_of_created_deposition()
  And click on delete button                                                   # Parallel.CreateDepositionTest.click_on_delete_button()
  Then click on yes button                                                     # Parallel.CreateDepositionTest.click_on_yes_button()

    Embedding Checking_sync_and_preview_exhibit_functionality_of_caseUp_with_basic [image/png 86301 bytes]

]]></system-out>
    <system-err><![CDATA[[TestNG-PoolService-0] INFO io.github.bonigarcia.wdm.WebDriverManager - Using chromedriver 121.0.6167.85 (resolved driver for Chrome 121)
[TestNG-PoolService-0] INFO io.github.bonigarcia.wdm.WebDriverManager - Exporting webdriver.chrome.driver as C:\Users\ui-qa-22-1\.cache\selenium\chromedriver\win64\121.0.6167.85\chromedriver.exe
]]></system-err>
  </testcase>
  <testcase name="runScenario[&quot;Checking Invite link functionality of caseUp with basic&quot;, &quot;Optional[Testing the present functionality of caseUp]&quot;](18)" classname="Parallel.ParallelRun" time="31.532">
    <failure message="timeout: Timed out receiving message from renderer: 27.824&#10;  (Session info: chrome=121.0.6167.161)&#10;Build info: version: &apos;4.17.0&apos;, revision: &apos;e52b1be057*&apos;&#10;System info: os.name: &apos;Windows 10&apos;, os.arch: &apos;amd64&apos;, os.version: &apos;10.0&apos;, java.version: &apos;17.0.10&apos;&#10;Driver info: org.openqa.selenium.chrome.ChromeDriver&#10;Command: [d97bbee0c360462731fe564928eac949, get {url=https://staging.virtualdepo.com/manager/login}]&#10;Capabilities {acceptInsecureCerts: false, browserName: chrome, browserVersion: 121.0.6167.161, chrome: {chromedriverVersion: 121.0.6167.85 (3f98d690ad7e..., userDataDir: C:\Users\UI-QA-~1\AppData\L...}, fedcm:accounts: true, goog:chromeOptions: {debuggerAddress: localhost:59541}, networkConnectionEnabled: false, pageLoadStrategy: normal, platformName: windows, proxy: Proxy(), se:cdp: ws://localhost:59541/devtoo..., se:cdpVersion: 121.0.6167.161, setWindowRect: true, strictFileInteractability: false, timeouts: {implicit: 0, pageLoad: 300000, script: 30000}, unhandledPromptBehavior: dismiss and notify, webauthn:extension:credBlob: true, webauthn:extension:largeBlob: true, webauthn:extension:minPinLength: true, webauthn:extension:prf: true, webauthn:virtualAuthenticators: true}&#10;Session ID: d97bbee0c360462731fe564928eac949" type="org.openqa.selenium.TimeoutException"><![CDATA[org.openqa.selenium.TimeoutException: 
timeout: Timed out receiving message from renderer: 27.824
  (Session info: chrome=121.0.6167.161)
Build info: version: '4.17.0', revision: 'e52b1be057*'
System info: os.name: 'Windows 10', os.arch: 'amd64', os.version: '10.0', java.version: '17.0.10'
Driver info: org.openqa.selenium.chrome.ChromeDriver
Command: [d97bbee0c360462731fe564928eac949, get {url=https://staging.virtualdepo.com/manager/login}]
Capabilities {acceptInsecureCerts: false, browserName: chrome, browserVersion: 121.0.6167.161, chrome: {chromedriverVersion: 121.0.6167.85 (3f98d690ad7e..., userDataDir: C:\Users\UI-QA-~1\AppData\L...}, fedcm:accounts: true, goog:chromeOptions: {debuggerAddress: localhost:59541}, networkConnectionEnabled: false, pageLoadStrategy: normal, platformName: windows, proxy: Proxy(), se:cdp: ws://localhost:59541/devtoo..., se:cdpVersion: 121.0.6167.161, setWindowRect: true, strictFileInteractability: false, timeouts: {implicit: 0, pageLoad: 300000, script: 30000}, unhandledPromptBehavior: dismiss and notify, webauthn:extension:credBlob: true, webauthn:extension:largeBlob: true, webauthn:extension:minPinLength: true, webauthn:extension:prf: true, webauthn:virtualAuthenticators: true}
Session ID: d97bbee0c360462731fe564928eac949
	at java.base/jdk.internal.reflect.NativeConstructorAccessorImpl.newInstance0(Native Method)
	at java.base/jdk.internal.reflect.NativeConstructorAccessorImpl.newInstance(NativeConstructorAccessorImpl.java:77)
	at java.base/jdk.internal.reflect.DelegatingConstructorAccessorImpl.newInstance(DelegatingConstructorAccessorImpl.java:45)
	at java.base/java.lang.reflect.Constructor.newInstanceWithCaller(Constructor.java:499)
	at java.base/java.lang.reflect.Constructor.newInstance(Constructor.java:480)
	at org.openqa.selenium.remote.codec.w3c.W3CHttpResponseCodec.createException(W3CHttpResponseCodec.java:185)
	at org.openqa.selenium.remote.codec.w3c.W3CHttpResponseCodec.decode(W3CHttpResponseCodec.java:134)
	at org.openqa.selenium.remote.codec.w3c.W3CHttpResponseCodec.decode(W3CHttpResponseCodec.java:51)
	at org.openqa.selenium.remote.HttpCommandExecutor.execute(HttpCommandExecutor.java:190)
	at org.openqa.selenium.remote.service.DriverCommandExecutor.invokeExecute(DriverCommandExecutor.java:216)
	at org.openqa.selenium.remote.service.DriverCommandExecutor.execute(DriverCommandExecutor.java:174)
	at org.openqa.selenium.remote.RemoteWebDriver.execute(RemoteWebDriver.java:519)
	at org.openqa.selenium.remote.RemoteWebDriver.get(RemoteWebDriver.java:301)
	at Parallel.ApplicationHooks.navigate_to_CaseUp(ApplicationHooks.java:37)
]]></failure>
    <system-out><![CDATA[
@Present
Scenario: Checking Invite link functionality of caseUp with basic # src/test/resources/Parallel/Present.feature:802
browser value is: chrome
      org.openqa.selenium.TimeoutException: timeout: Timed out receiving message from renderer: 27.824
  (Session info: chrome=121.0.6167.161)
Build info: version: '4.17.0', revision: 'e52b1be057*'
System info: os.name: 'Windows 10', os.arch: 'amd64', os.version: '10.0', java.version: '17.0.10'
Driver info: org.openqa.selenium.chrome.ChromeDriver
Command: [d97bbee0c360462731fe564928eac949, get {url=https://staging.virtualdepo.com/manager/login}]
Capabilities {acceptInsecureCerts: false, browserName: chrome, browserVersion: 121.0.6167.161, chrome: {chromedriverVersion: 121.0.6167.85 (3f98d690ad7e..., userDataDir: C:\Users\UI-QA-~1\AppData\L...}, fedcm:accounts: true, goog:chromeOptions: {debuggerAddress: localhost:59541}, networkConnectionEnabled: false, pageLoadStrategy: normal, platformName: windows, proxy: Proxy(), se:cdp: ws://localhost:59541/devtoo..., se:cdpVersion: 121.0.6167.161, setWindowRect: true, strictFileInteractability: false, timeouts: {implicit: 0, pageLoad: 300000, script: 30000}, unhandledPromptBehavior: dismiss and notify, webauthn:extension:credBlob: true, webauthn:extension:largeBlob: true, webauthn:extension:minPinLength: true, webauthn:extension:prf: true, webauthn:virtualAuthenticators: true}
Session ID: d97bbee0c360462731fe564928eac949
	at java.base/jdk.internal.reflect.NativeConstructorAccessorImpl.newInstance0(Native Method)
	at java.base/jdk.internal.reflect.NativeConstructorAccessorImpl.newInstance(NativeConstructorAccessorImpl.java:77)
	at java.base/jdk.internal.reflect.DelegatingConstructorAccessorImpl.newInstance(DelegatingConstructorAccessorImpl.java:45)
	at java.base/java.lang.reflect.Constructor.newInstanceWithCaller(Constructor.java:499)
	at java.base/java.lang.reflect.Constructor.newInstance(Constructor.java:480)
	at org.openqa.selenium.remote.codec.w3c.W3CHttpResponseCodec.createException(W3CHttpResponseCodec.java:185)
	at org.openqa.selenium.remote.codec.w3c.W3CHttpResponseCodec.decode(W3CHttpResponseCodec.java:134)
	at org.openqa.selenium.remote.codec.w3c.W3CHttpResponseCodec.decode(W3CHttpResponseCodec.java:51)
	at org.openqa.selenium.remote.HttpCommandExecutor.execute(HttpCommandExecutor.java:190)
	at org.openqa.selenium.remote.service.DriverCommandExecutor.invokeExecute(DriverCommandExecutor.java:216)
	at org.openqa.selenium.remote.service.DriverCommandExecutor.execute(DriverCommandExecutor.java:174)
	at org.openqa.selenium.remote.RemoteWebDriver.execute(RemoteWebDriver.java:519)
	at org.openqa.selenium.remote.RemoteWebDriver.get(RemoteWebDriver.java:301)
	at Parallel.ApplicationHooks.navigate_to_CaseUp(ApplicationHooks.java:37)

  Given user navigate to the caseup baseurl                       # Parallel.LoginTest.user_navigate_to_the_caseup_baseurl()
  When login with basic role                                      # Parallel.PresentTest.login_with_basic_role()
  When click on create new button                                 # Parallel.CreateDepositionTest.click_on_create_new_button()
  Then enter witness name                                         # Parallel.CreateDepositionTest.enter_witness_name()
  And enter noticing firm name                                    # Parallel.CreateDepositionTest.enter_noticing_firm_name()
  And enter case name                                             # Parallel.CreateDepositionTest.enter_case_name()
  Then click on create button                                     # Parallel.CreateDepositionTest.click_on_create_button()
  Then click on upload file button                                # Parallel.CreateDepositionTest.click_on_upload_file_button()
  And upload the file                                             # Parallel.CreateDepositionTest.upload_the_file()
  Then click in submit button                                     # Parallel.CreateDepositionTest.click_in_submit_button()
  Then click on present button                                    # Parallel.PresentTest.click_on_present_button()
  Then click on introduce button                                  # Parallel.PresentTest.click_on_introduce_button()
  And check the validation message for introduce exhibit          # Parallel.PresentTest.check_the_validation_message_for_introduce_exhibit()
  Then click on invite link button                                # Parallel.PresentTest.click_on_invite_link_button()
  And click on copy link button and open new window               # Parallel.PresentTest.click_on_copy_link_button()
  Then open new window                                            # Parallel.PresentTest.open_new_window()
  And click on view exhibits button                               # Parallel.PresentTest.click_on_view_exhibits_button()
  Then enter your name                                            # Parallel.PresentTest.enter_your_name()
  And press continue button                                       # Parallel.PresentTest.press_continue_button()
  Then enter your email                                           # Parallel.PresentTest.enter_your_email()
  And press continue button                                       # Parallel.PresentTest.press_continue_button()
  Then Download the file                                          # Parallel.PresentTest.download_the_file()
  Then Cancle the current window and go to pevious window         # Parallel.PresentTest.cancle_the_current_window_and_go_to_pevious_window()
  Then Click on cancle button of invite link button               # Parallel.PresentTest.click_on_cancle_button_of_invite_link_button()
  Then click on cancle button                                     # Parallel.PresentTest.click_on_cancle_button()
  When click on dotted dropped menu of created deposition         # Parallel.CreateDepositionTest.click_on_dotted_dropped_menu_of_created_deposition()
  And click on delete button                                      # Parallel.CreateDepositionTest.click_on_delete_button()
  Then click on yes button                                        # Parallel.CreateDepositionTest.click_on_yes_button()

    Embedding Checking_Invite_link_functionality_of_caseUp_with_basic [image/png 83761 bytes]

]]></system-out>
    <system-err><![CDATA[[TestNG-PoolService-0] INFO io.github.bonigarcia.wdm.WebDriverManager - Using chromedriver 121.0.6167.85 (resolved driver for Chrome 121)
[TestNG-PoolService-0] INFO io.github.bonigarcia.wdm.WebDriverManager - Exporting webdriver.chrome.driver as C:\Users\ui-qa-22-1\.cache\selenium\chromedriver\win64\121.0.6167.85\chromedriver.exe
]]></system-err>
  </testcase>
</testsuite>